============================= test session starts =============================
platform win32 -- Python 3.8.10, pytest-7.4.0, pluggy-1.2.0
rootdir: C:\Users\hoppe\work\sandbox\azure-sdk-for-python
configfile: setup.cfg
plugins: asyncio-0.21.1, cov-4.1.0
asyncio: mode=strict
collected 1 item

tests\test_batch.py::TestBatch::test_batch_tasks 
------------------------------- live log setup --------------------------------
DEBUG    urllib3.connectionpool:connectionpool.py:1003 Starting new HTTPS connection (1): localhost:5001
DEBUG    urllib3.util.retry:retry.py:594 Incremented Retry for (url='/Info/Available'): Retry(total=2, connect=None, read=None, redirect=None, status=None)
WARNING  urllib3.connectionpool:connectionpool.py:812 Retrying (Retry(total=2, connect=None, read=None, redirect=None, status=None)) after connection broken by 'NewConnectionError('<urllib3.connection.HTTPSConnection object at 0x000001896AB5F220>: Failed to establish a new connection: [WinError 10061] No connection could be made because the target machine actively refused it')': /Info/Available
DEBUG    urllib3.connectionpool:connectionpool.py:1003 Starting new HTTPS connection (2): localhost:5001
DEBUG    urllib3.util.retry:retry.py:594 Incremented Retry for (url='/Info/Available'): Retry(total=1, connect=None, read=None, redirect=None, status=None)
WARNING  urllib3.connectionpool:connectionpool.py:812 Retrying (Retry(total=1, connect=None, read=None, redirect=None, status=None)) after connection broken by 'NewConnectionError('<urllib3.connection.HTTPSConnection object at 0x000001896AB4BCD0>: Failed to establish a new connection: [WinError 10061] No connection could be made because the target machine actively refused it')': /Info/Available
DEBUG    urllib3.connectionpool:connectionpool.py:1003 Starting new HTTPS connection (3): localhost:5001
DEBUG    urllib3.util.retry:retry.py:594 Incremented Retry for (url='/Info/Available'): Retry(total=0, connect=None, read=None, redirect=None, status=None)
WARNING  urllib3.connectionpool:connectionpool.py:812 Retrying (Retry(total=0, connect=None, read=None, redirect=None, status=None)) after connection broken by 'NewConnectionError('<urllib3.connection.HTTPSConnection object at 0x000001896AB4B9D0>: Failed to establish a new connection: [WinError 10061] No connection could be made because the target machine actively refused it')': /Info/Available
DEBUG    urllib3.connectionpool:connectionpool.py:1003 Starting new HTTPS connection (4): localhost:5001
DEBUG    root:proxy_startup.py:144 HTTPSConnectionPool(host='localhost', port=5001): Max retries exceeded with url: /Info/Available (Caused by NewConnectionError('<urllib3.connection.HTTPSConnection object at 0x000001896AB4BA90>: Failed to establish a new connection: [WinError 10061] No connection could be made because the target machine actively refused it'))
INFO     root:proxy_startup.py:284 C:\Users\hoppe\work\sandbox\azure-sdk-for-python is calculated repo root
INFO     root:proxy_startup.py:300 Downloading and starting standalone proxy executable...
DEBUG    urllib3.connectionpool:connectionpool.py:1003 Starting new HTTPS connection (1): localhost:5001
DEBUG    urllib3.connectionpool:connectionpool.py:456 https://localhost:5001 "GET /Info/Available HTTP/1.1" 200 40693
DEBUG    urllib3.connectionpool:connectionpool.py:1003 Starting new HTTPS connection (1): localhost:5001
DEBUG    urllib3.connectionpool:connectionpool.py:456 https://localhost:5001 "POST /Admin/AddSanitizer HTTP/1.1" 200 0
DEBUG    urllib3.connectionpool:connectionpool.py:1003 Starting new HTTPS connection (1): localhost:5001
DEBUG    urllib3.connectionpool:connectionpool.py:456 https://localhost:5001 "POST /Admin/SetMatcher HTTP/1.1" 200 0
DEBUG    urllib3.connectionpool:connectionpool.py:1003 Starting new HTTPS connection (1): localhost:5001
DEBUG    urllib3.connectionpool:connectionpool.py:456 https://localhost:5001 "POST /Admin/SetMatcher HTTP/1.1" 200 0
-------------------------------- live log call --------------------------------
DEBUG    azure_devtools.scenario_tests.preparers:preparers.py:92 Entering preparer wrapper for ResourceGroupPreparer and test <test_batch.TestBatch object at 0x000001896AB6B250>
DEBUG    azure_devtools.scenario_tests.preparers:preparers.py:108 Child cache status for ResourceGroupPreparer: False
DEBUG    azure_devtools.scenario_tests.preparers:preparers.py:118 Aggregate cache key: ('ResourceGroupPreparer', 'resource_group', '')
DEBUG    azure_devtools.scenario_tests.preparers:preparers.py:55 Creating resource 71d31cdf for ResourceGroupPreparer
DEBUG    azure_devtools.scenario_tests.preparers:preparers.py:61 Successfully created resource 71d31cdf
DEBUG    azure_devtools.scenario_tests.preparers:preparers.py:92 Entering preparer wrapper for AccountPreparer and test <test_batch.TestBatch object at 0x000001896AB6B250>
DEBUG    azure_devtools.scenario_tests.preparers:preparers.py:108 Child cache status for AccountPreparer: False
DEBUG    azure_devtools.scenario_tests.preparers:preparers.py:118 Aggregate cache key: (('AccountPreparer',), ('ResourceGroupPreparer', 'resource_group', ''))
DEBUG    azure_devtools.scenario_tests.preparers:preparers.py:55 Creating resource batch71d31cdf for AccountPreparer
DEBUG    azure_devtools.scenario_tests.preparers:preparers.py:61 Successfully created resource batch71d31cdf
DEBUG    azure_devtools.scenario_tests.preparers:preparers.py:92 Entering preparer wrapper for JobPreparer and test <test_batch.TestBatch object at 0x000001896AB6B250>
DEBUG    azure_devtools.scenario_tests.preparers:preparers.py:108 Child cache status for JobPreparer: False
DEBUG    azure_devtools.scenario_tests.preparers:preparers.py:118 Aggregate cache key: (('JobPreparer',), (('AccountPreparer',), ('ResourceGroupPreparer', 'resource_group', '')))
DEBUG    azure_devtools.scenario_tests.preparers:preparers.py:55 Creating resource batch71d31cdf for JobPreparer
DEBUG    azure_devtools.scenario_tests.preparers:preparers.py:61 Successfully created resource batch71d31cdf
DEBUG    asyncio:selector_events.py:59 Using selector: SelectSelector
DEBUG    urllib3.connectionpool:connectionpool.py:1003 Starting new HTTPS connection (1): localhost:5001
DEBUG    urllib3.connectionpool:connectionpool.py:456 https://localhost:5001 "POST /playback/start HTTP/1.1" 200 None
INFO     azure.core.pipeline.policies.http_logging_policy:_universal.py:511 Request URL: 'https://batch71d31cdf.eastasia.batch.azure.com/jobs/batch71d31cdf/tasks?api-version=REDACTED'
Request method: 'POST'
Request headers:
    'content-type': 'application/json; odata=minimalmetadata'
    'Content-Length': '286'
    'client-request-id': 'REDACTED'
    'User-Agent': 'azsdk-python-batch/14.0.0b Python/3.8.10 (Windows-10-10.0.22621-SP0)'
    'ocp-date': 'REDACTED'
    'Authorization': 'REDACTED'
A body is sent with the request
INFO     azure.core.pipeline.policies.http_logging_policy:_universal.py:550 Response status: 201
Response headers:
    'Content-Length': '0'
    'Date': 'Thu, 07 Sep 2023 06:53:46 GMT'
    'Server': 'Microsoft-HTTPAPI/2.0'
    'Etag': '0x8DBAF6F2F67300B'
    'Last-Modified': 'Thu, 07 Sep 2023 06:53:47 GMT'
    'Location': 'REDACTED'
    'DataServiceId': 'REDACTED'
    'DataServiceVersion': 'REDACTED'
    'Request-Id': '7ef214b0-d5e1-4074-8b03-c54f5cb21089'
    'Strict-Transport-Security': 'REDACTED'
    'X-Content-Type-Options': 'REDACTED'
INFO     azure.core.pipeline.policies.http_logging_policy:_universal.py:514 Request URL: 'https://batch71d31cdf.eastasia.batch.azure.com/jobs/batch71d31cdf/tasks/batch_task1_71d31cdf?api-version=REDACTED'
Request method: 'GET'
Request headers:
    'Accept': 'application/json'
    'client-request-id': 'REDACTED'
    'User-Agent': 'azsdk-python-batch/14.0.0b Python/3.8.10 (Windows-10-10.0.22621-SP0)'
    'ocp-date': 'REDACTED'
    'Authorization': 'REDACTED'
No body was attached to the request
INFO     azure.core.pipeline.policies.http_logging_policy:_universal.py:550 Response status: 200
Response headers:
    'Content-Type': 'application/json; odata=minimalmetadata'
    'Date': 'Thu, 07 Sep 2023 06:53:47 GMT'
    'Server': 'Microsoft-HTTPAPI/2.0'
    'Etag': '0x8DBAF6F2F67300B'
    'Last-Modified': 'Thu, 07 Sep 2023 06:53:47 GMT'
    'Transfer-Encoding': 'chunked'
    'DataServiceVersion': 'REDACTED'
    'Request-Id': '4e622e1a-9e42-49f9-9786-b2d18d24595c'
    'Strict-Transport-Security': 'REDACTED'
    'X-Content-Type-Options': 'REDACTED'
INFO     azure.core.pipeline.policies.http_logging_policy:_universal.py:511 Request URL: 'https://batch71d31cdf.eastasia.batch.azure.com/jobs/batch71d31cdf/tasks?api-version=REDACTED'
Request method: 'POST'
Request headers:
    'content-type': 'application/json; odata=minimalmetadata'
    'Content-Length': '541'
    'client-request-id': 'REDACTED'
    'User-Agent': 'azsdk-python-batch/14.0.0b Python/3.8.10 (Windows-10-10.0.22621-SP0)'
    'ocp-date': 'REDACTED'
    'Authorization': 'REDACTED'
A body is sent with the request
INFO     azure.core.pipeline.policies.http_logging_policy:_universal.py:550 Response status: 201
Response headers:
    'Content-Length': '0'
    'Date': 'Thu, 07 Sep 2023 06:53:47 GMT'
    'Server': 'Microsoft-HTTPAPI/2.0'
    'Etag': '0x8DBAF6F2F9B08E9'
    'Last-Modified': 'Thu, 07 Sep 2023 06:53:47 GMT'
    'Location': 'REDACTED'
    'DataServiceId': 'REDACTED'
    'DataServiceVersion': 'REDACTED'
    'Request-Id': '4d6b15ee-61a0-4d8e-ba11-ada58582ce4a'
    'Strict-Transport-Security': 'REDACTED'
    'X-Content-Type-Options': 'REDACTED'
INFO     azure.core.pipeline.policies.http_logging_policy:_universal.py:514 Request URL: 'https://batch71d31cdf.eastasia.batch.azure.com/jobs/batch71d31cdf/tasks/batch_task2_71d31cdf?api-version=REDACTED'
Request method: 'GET'
Request headers:
    'Accept': 'application/json'
    'client-request-id': 'REDACTED'
    'User-Agent': 'azsdk-python-batch/14.0.0b Python/3.8.10 (Windows-10-10.0.22621-SP0)'
    'ocp-date': 'REDACTED'
    'Authorization': 'REDACTED'
No body was attached to the request
INFO     azure.core.pipeline.policies.http_logging_policy:_universal.py:550 Response status: 200
Response headers:
    'Content-Type': 'application/json; odata=minimalmetadata'
    'Date': 'Thu, 07 Sep 2023 06:53:47 GMT'
    'Server': 'Microsoft-HTTPAPI/2.0'
    'Etag': '0x8DBAF6F2F9B08E9'
    'Last-Modified': 'Thu, 07 Sep 2023 06:53:47 GMT'
    'Transfer-Encoding': 'chunked'
    'DataServiceVersion': 'REDACTED'
    'Request-Id': '141bf797-ab0a-4817-a845-c2dad2da5a0e'
    'Strict-Transport-Security': 'REDACTED'
    'X-Content-Type-Options': 'REDACTED'
INFO     azure.core.pipeline.policies.http_logging_policy:_universal.py:511 Request URL: 'https://batch71d31cdf.eastasia.batch.azure.com/jobs/batch71d31cdf/tasks?api-version=REDACTED'
Request method: 'POST'
Request headers:
    'content-type': 'application/json; odata=minimalmetadata'
    'Content-Length': '152'
    'client-request-id': 'REDACTED'
    'User-Agent': 'azsdk-python-batch/14.0.0b Python/3.8.10 (Windows-10-10.0.22621-SP0)'
    'ocp-date': 'REDACTED'
    'Authorization': 'REDACTED'
A body is sent with the request
INFO     azure.core.pipeline.policies.http_logging_policy:_universal.py:550 Response status: 201
Response headers:
    'Content-Length': '0'
    'Date': 'Thu, 07 Sep 2023 06:53:47 GMT'
    'Server': 'Microsoft-HTTPAPI/2.0'
    'Etag': '0x8DBAF6F2FCF365C'
    'Last-Modified': 'Thu, 07 Sep 2023 06:53:48 GMT'
    'Location': 'REDACTED'
    'DataServiceId': 'REDACTED'
    'DataServiceVersion': 'REDACTED'
    'Request-Id': 'f54e9e2d-390f-4360-a760-7d6dba4cd7b9'
    'Strict-Transport-Security': 'REDACTED'
    'X-Content-Type-Options': 'REDACTED'
INFO     azure.core.pipeline.policies.http_logging_policy:_universal.py:514 Request URL: 'https://batch71d31cdf.eastasia.batch.azure.com/jobs/batch71d31cdf/tasks/batch_task3_71d31cdf?api-version=REDACTED'
Request method: 'GET'
Request headers:
    'Accept': 'application/json'
    'client-request-id': 'REDACTED'
    'User-Agent': 'azsdk-python-batch/14.0.0b Python/3.8.10 (Windows-10-10.0.22621-SP0)'
    'ocp-date': 'REDACTED'
    'Authorization': 'REDACTED'
No body was attached to the request
INFO     azure.core.pipeline.policies.http_logging_policy:_universal.py:550 Response status: 200
Response headers:
    'Content-Type': 'application/json; odata=minimalmetadata'
    'Date': 'Thu, 07 Sep 2023 06:53:47 GMT'
    'Server': 'Microsoft-HTTPAPI/2.0'
    'Etag': '0x8DBAF6F2FCF365C'
    'Last-Modified': 'Thu, 07 Sep 2023 06:53:48 GMT'
    'Transfer-Encoding': 'chunked'
    'DataServiceVersion': 'REDACTED'
    'Request-Id': 'd16e91e5-9189-4010-99e4-5223e6c3c40d'
    'Strict-Transport-Security': 'REDACTED'
    'X-Content-Type-Options': 'REDACTED'
INFO     azure.core.pipeline.policies.http_logging_policy:_universal.py:511 Request URL: 'https://batch71d31cdf.eastasia.batch.azure.com/jobs/batch71d31cdf/tasks?api-version=REDACTED'
Request method: 'POST'
Request headers:
    'content-type': 'application/json; odata=minimalmetadata'
    'Content-Length': '128'
    'client-request-id': 'REDACTED'
    'User-Agent': 'azsdk-python-batch/14.0.0b Python/3.8.10 (Windows-10-10.0.22621-SP0)'
    'ocp-date': 'REDACTED'
    'Authorization': 'REDACTED'
A body is sent with the request
INFO     azure.core.pipeline.policies.http_logging_policy:_universal.py:550 Response status: 201
Response headers:
    'Content-Length': '0'
    'Date': 'Thu, 07 Sep 2023 06:53:47 GMT'
    'Server': 'Microsoft-HTTPAPI/2.0'
    'Etag': '0x8DBAF6F2FF8425D'
    'Last-Modified': 'Thu, 07 Sep 2023 06:53:48 GMT'
    'Location': 'REDACTED'
    'DataServiceId': 'REDACTED'
    'DataServiceVersion': 'REDACTED'
    'Request-Id': '5e17e16c-cd90-4533-86ed-0879042f406d'
    'Strict-Transport-Security': 'REDACTED'
    'X-Content-Type-Options': 'REDACTED'
INFO     azure.core.pipeline.policies.http_logging_policy:_universal.py:514 Request URL: 'https://batch71d31cdf.eastasia.batch.azure.com/jobs/batch71d31cdf/tasks/batch_task4_71d31cdf?api-version=REDACTED'
Request method: 'GET'
Request headers:
    'Accept': 'application/json'
    'client-request-id': 'REDACTED'
    'User-Agent': 'azsdk-python-batch/14.0.0b Python/3.8.10 (Windows-10-10.0.22621-SP0)'
    'ocp-date': 'REDACTED'
    'Authorization': 'REDACTED'
No body was attached to the request
INFO     azure.core.pipeline.policies.http_logging_policy:_universal.py:550 Response status: 200
Response headers:
    'Content-Type': 'application/json; odata=minimalmetadata'
    'Date': 'Thu, 07 Sep 2023 06:53:47 GMT'
    'Server': 'Microsoft-HTTPAPI/2.0'
    'Etag': '0x8DBAF6F2FF8425D'
    'Last-Modified': 'Thu, 07 Sep 2023 06:53:48 GMT'
    'Transfer-Encoding': 'chunked'
    'DataServiceVersion': 'REDACTED'
    'Request-Id': 'ed365183-2e27-4026-b4f1-c8abd6d77236'
    'Strict-Transport-Security': 'REDACTED'
    'X-Content-Type-Options': 'REDACTED'
INFO     azure.core.pipeline.policies.http_logging_policy:_universal.py:511 Request URL: 'https://batch71d31cdf.eastasia.batch.azure.com/jobs/batch71d31cdf/tasks?api-version=REDACTED'
Request method: 'POST'
Request headers:
    'content-type': 'application/json; odata=minimalmetadata'
    'Content-Length': '202'
    'client-request-id': 'REDACTED'
    'User-Agent': 'azsdk-python-batch/14.0.0b Python/3.8.10 (Windows-10-10.0.22621-SP0)'
    'ocp-date': 'REDACTED'
    'Authorization': 'REDACTED'
A body is sent with the request
INFO     azure.core.pipeline.policies.http_logging_policy:_universal.py:550 Response status: 201
Response headers:
    'Content-Length': '0'
    'Date': 'Thu, 07 Sep 2023 06:53:48 GMT'
    'Server': 'Microsoft-HTTPAPI/2.0'
    'Etag': '0x8DBAF6F302201D4'
    'Last-Modified': 'Thu, 07 Sep 2023 06:53:48 GMT'
    'Location': 'REDACTED'
    'DataServiceId': 'REDACTED'
    'DataServiceVersion': 'REDACTED'
    'Request-Id': '2ed27751-fa39-49ca-aaf8-add8d6c24410'
    'Strict-Transport-Security': 'REDACTED'
    'X-Content-Type-Options': 'REDACTED'
INFO     azure.core.pipeline.policies.http_logging_policy:_universal.py:514 Request URL: 'https://batch71d31cdf.eastasia.batch.azure.com/jobs/batch71d31cdf/tasks/batch_task5_71d31cdf?api-version=REDACTED'
Request method: 'GET'
Request headers:
    'Accept': 'application/json'
    'client-request-id': 'REDACTED'
    'User-Agent': 'azsdk-python-batch/14.0.0b Python/3.8.10 (Windows-10-10.0.22621-SP0)'
    'ocp-date': 'REDACTED'
    'Authorization': 'REDACTED'
No body was attached to the request
INFO     azure.core.pipeline.policies.http_logging_policy:_universal.py:550 Response status: 200
Response headers:
    'Content-Type': 'application/json; odata=minimalmetadata'
    'Date': 'Thu, 07 Sep 2023 06:53:48 GMT'
    'Server': 'Microsoft-HTTPAPI/2.0'
    'Etag': '0x8DBAF6F302201D4'
    'Last-Modified': 'Thu, 07 Sep 2023 06:53:48 GMT'
    'Transfer-Encoding': 'chunked'
    'DataServiceVersion': 'REDACTED'
    'Request-Id': 'f8a512f5-a798-49b6-b325-ca20ccc147ca'
    'Strict-Transport-Security': 'REDACTED'
    'X-Content-Type-Options': 'REDACTED'
INFO     azure.core.pipeline.policies.http_logging_policy:_universal.py:511 Request URL: 'https://batch71d31cdf.eastasia.batch.azure.com/jobs/batch71d31cdf/tasks?api-version=REDACTED'
Request method: 'POST'
Request headers:
    'content-type': 'application/json; odata=minimalmetadata'
    'Content-Length': '119'
    'client-request-id': 'REDACTED'
    'User-Agent': 'azsdk-python-batch/14.0.0b Python/3.8.10 (Windows-10-10.0.22621-SP0)'
    'ocp-date': 'REDACTED'
    'Authorization': 'REDACTED'
A body is sent with the request
INFO     azure.core.pipeline.policies.http_logging_policy:_universal.py:550 Response status: 201
Response headers:
    'Content-Length': '0'
    'Date': 'Thu, 07 Sep 2023 06:53:48 GMT'
    'Server': 'Microsoft-HTTPAPI/2.0'
    'Etag': '0x8DBAF6F304A8109'
    'Last-Modified': 'Thu, 07 Sep 2023 06:53:48 GMT'
    'Location': 'REDACTED'
    'DataServiceId': 'REDACTED'
    'DataServiceVersion': 'REDACTED'
    'Request-Id': '982e750c-3440-4a1f-95bb-a8546b8c71a5'
    'Strict-Transport-Security': 'REDACTED'
    'X-Content-Type-Options': 'REDACTED'
INFO     azure.core.pipeline.policies.http_logging_policy:_universal.py:514 Request URL: 'https://batch71d31cdf.eastasia.batch.azure.com/jobs/batch71d31cdf/tasks/batch_task6_71d31cdf?api-version=REDACTED'
Request method: 'GET'
Request headers:
    'Accept': 'application/json'
    'client-request-id': 'REDACTED'
    'User-Agent': 'azsdk-python-batch/14.0.0b Python/3.8.10 (Windows-10-10.0.22621-SP0)'
    'ocp-date': 'REDACTED'
    'Authorization': 'REDACTED'
No body was attached to the request
INFO     azure.core.pipeline.policies.http_logging_policy:_universal.py:550 Response status: 200
Response headers:
    'Content-Type': 'application/json; odata=minimalmetadata'
    'Date': 'Thu, 07 Sep 2023 06:53:48 GMT'
    'Server': 'Microsoft-HTTPAPI/2.0'
    'Etag': '0x8DBAF6F304A8109'
    'Last-Modified': 'Thu, 07 Sep 2023 06:53:48 GMT'
    'Transfer-Encoding': 'chunked'
    'DataServiceVersion': 'REDACTED'
    'Request-Id': 'c274659c-373c-4734-84e7-efff8368fe8f'
    'Strict-Transport-Security': 'REDACTED'
    'X-Content-Type-Options': 'REDACTED'
INFO     azure.core.pipeline.policies.http_logging_policy:_universal.py:511 Request URL: 'https://batch71d31cdf.eastasia.batch.azure.com/jobs/batch71d31cdf/addtaskcollection?api-version=REDACTED'
Request method: 'POST'
Request headers:
    'content-type': 'application/json; odata=minimalmetadata'
    'Content-Length': '245'
    'Accept': 'application/json'
    'client-request-id': 'REDACTED'
    'User-Agent': 'azsdk-python-batch/14.0.0b Python/3.8.10 (Windows-10-10.0.22621-SP0)'
    'ocp-date': 'REDACTED'
    'Authorization': 'REDACTED'
A body is sent with the request
INFO     azure.core.pipeline.policies.http_logging_policy:_universal.py:550 Response status: 200
Response headers:
    'Content-Type': 'application/json; odata=minimalmetadata'
    'Date': 'Thu, 07 Sep 2023 06:53:48 GMT'
    'Server': 'Microsoft-HTTPAPI/2.0'
    'Transfer-Encoding': 'chunked'
    'DataServiceVersion': 'REDACTED'
    'Request-Id': '82e98861-91cb-4a0b-9b31-ef286d177a0c'
    'Strict-Transport-Security': 'REDACTED'
    'X-Content-Type-Options': 'REDACTED'
INFO     azure.core.pipeline.policies.http_logging_policy:_universal.py:514 Request URL: 'https://batch71d31cdf.eastasia.batch.azure.com/jobs/batch71d31cdf/tasks?api-version=REDACTED'
Request method: 'GET'
Request headers:
    'Accept': 'application/json'
    'client-request-id': 'REDACTED'
    'User-Agent': 'azsdk-python-batch/14.0.0b Python/3.8.10 (Windows-10-10.0.22621-SP0)'
    'ocp-date': 'REDACTED'
    'Authorization': 'REDACTED'
No body was attached to the request
INFO     azure.core.pipeline.policies.http_logging_policy:_universal.py:550 Response status: 200
Response headers:
    'Content-Type': 'application/json; odata=minimalmetadata'
    'Date': 'Thu, 07 Sep 2023 06:53:48 GMT'
    'Server': 'Microsoft-HTTPAPI/2.0'
    'Transfer-Encoding': 'chunked'
    'DataServiceVersion': 'REDACTED'
    'Request-Id': 'fa1a52c3-53fc-4153-8d2f-1a66a6a4ef37'
    'Strict-Transport-Security': 'REDACTED'
    'X-Content-Type-Options': 'REDACTED'
INFO     azure.core.pipeline.policies.http_logging_policy:_universal.py:514 Request URL: 'https://batch71d31cdf.eastasia.batch.azure.com/jobs/batch71d31cdf/taskcounts?api-version=REDACTED'
Request method: 'GET'
Request headers:
    'Accept': 'application/json'
    'client-request-id': 'REDACTED'
    'User-Agent': 'azsdk-python-batch/14.0.0b Python/3.8.10 (Windows-10-10.0.22621-SP0)'
    'ocp-date': 'REDACTED'
    'Authorization': 'REDACTED'
No body was attached to the request
INFO     azure.core.pipeline.policies.http_logging_policy:_universal.py:550 Response status: 200
Response headers:
    'Content-Type': 'application/json; odata=minimalmetadata'
    'Date': 'Thu, 07 Sep 2023 06:53:51 GMT'
    'Server': 'Microsoft-HTTPAPI/2.0'
    'Transfer-Encoding': 'chunked'
    'DataServiceVersion': 'REDACTED'
    'Request-Id': 'cbbc9d0b-420d-4d62-8752-73bf0e1051ea'
    'Strict-Transport-Security': 'REDACTED'
    'X-Content-Type-Options': 'REDACTED'
INFO     azure.core.pipeline.policies.http_logging_policy:_universal.py:514 Request URL: 'https://batch71d31cdf.eastasia.batch.azure.com/jobs/batch71d31cdf/tasks/batch_task6_71d31cdf/terminate?api-version=REDACTED'
Request method: 'POST'
Request headers:
    'client-request-id': 'REDACTED'
    'User-Agent': 'azsdk-python-batch/14.0.0b Python/3.8.10 (Windows-10-10.0.22621-SP0)'
    'ocp-date': 'REDACTED'
    'Authorization': 'REDACTED'
No body was attached to the request
INFO     azure.core.pipeline.policies.http_logging_policy:_universal.py:550 Response status: 204
Response headers:
    'Content-Length': '0'
    'Date': 'Thu, 07 Sep 2023 06:53:51 GMT'
    'Server': 'Microsoft-HTTPAPI/2.0'
    'Etag': '0x8DBAF6F31F24E21'
    'Last-Modified': 'Thu, 07 Sep 2023 06:53:51 GMT'
    'DataServiceId': 'REDACTED'
    'DataServiceVersion': 'REDACTED'
    'Request-Id': 'e287cadb-71bb-40e9-a8e6-5491481c1d8e'
    'Strict-Transport-Security': 'REDACTED'
    'X-Content-Type-Options': 'REDACTED'
INFO     azure.core.pipeline.policies.http_logging_policy:_universal.py:514 Request URL: 'https://batch71d31cdf.eastasia.batch.azure.com/jobs/batch71d31cdf/tasks/batch_task6_71d31cdf?api-version=REDACTED'
Request method: 'GET'
Request headers:
    'Accept': 'application/json'
    'client-request-id': 'REDACTED'
    'User-Agent': 'azsdk-python-batch/14.0.0b Python/3.8.10 (Windows-10-10.0.22621-SP0)'
    'ocp-date': 'REDACTED'
    'Authorization': 'REDACTED'
No body was attached to the request
INFO     azure.core.pipeline.policies.http_logging_policy:_universal.py:550 Response status: 200
Response headers:
    'Content-Type': 'application/json; odata=minimalmetadata'
    'Date': 'Thu, 07 Sep 2023 06:53:51 GMT'
    'Server': 'Microsoft-HTTPAPI/2.0'
    'Etag': '0x8DBAF6F31F24E21'
    'Last-Modified': 'Thu, 07 Sep 2023 06:53:51 GMT'
    'Transfer-Encoding': 'chunked'
    'DataServiceVersion': 'REDACTED'
    'Request-Id': '3b1ca9fe-6c7c-482d-872a-20f14d5adfd5'
    'Strict-Transport-Security': 'REDACTED'
    'X-Content-Type-Options': 'REDACTED'
INFO     azure.core.pipeline.policies.http_logging_policy:_universal.py:514 Request URL: 'https://batch71d31cdf.eastasia.batch.azure.com/jobs/batch71d31cdf/tasks/batch_task6_71d31cdf/reactivate?api-version=REDACTED'
Request method: 'POST'
Request headers:
    'client-request-id': 'REDACTED'
    'User-Agent': 'azsdk-python-batch/14.0.0b Python/3.8.10 (Windows-10-10.0.22621-SP0)'
    'ocp-date': 'REDACTED'
    'Authorization': 'REDACTED'
No body was attached to the request
INFO     azure.core.pipeline.policies.http_logging_policy:_universal.py:550 Response status: 204
Response headers:
    'Content-Length': '0'
    'Date': 'Thu, 07 Sep 2023 06:53:51 GMT'
    'Server': 'Microsoft-HTTPAPI/2.0'
    'Etag': '0x8DBAF6F322087C9'
    'Last-Modified': 'Thu, 07 Sep 2023 06:53:52 GMT'
    'DataServiceVersion': 'REDACTED'
    'Request-Id': 'a0b3f9ca-7734-4d9f-ab07-db2416c882b1'
    'Strict-Transport-Security': 'REDACTED'
    'X-Content-Type-Options': 'REDACTED'
INFO     azure.core.pipeline.policies.http_logging_policy:_universal.py:514 Request URL: 'https://batch71d31cdf.eastasia.batch.azure.com/jobs/batch71d31cdf/tasks/batch_task6_71d31cdf?api-version=REDACTED'
Request method: 'GET'
Request headers:
    'Accept': 'application/json'
    'client-request-id': 'REDACTED'
    'User-Agent': 'azsdk-python-batch/14.0.0b Python/3.8.10 (Windows-10-10.0.22621-SP0)'
    'ocp-date': 'REDACTED'
    'Authorization': 'REDACTED'
No body was attached to the request
INFO     azure.core.pipeline.policies.http_logging_policy:_universal.py:550 Response status: 200
Response headers:
    'Content-Type': 'application/json; odata=minimalmetadata'
    'Date': 'Thu, 07 Sep 2023 06:53:51 GMT'
    'Server': 'Microsoft-HTTPAPI/2.0'
    'Etag': '0x8DBAF6F322087C9'
    'Last-Modified': 'Thu, 07 Sep 2023 06:53:52 GMT'
    'Transfer-Encoding': 'chunked'
    'DataServiceVersion': 'REDACTED'
    'Request-Id': '45c8aa29-33c2-4de8-8e72-aa631e0151c1'
    'Strict-Transport-Security': 'REDACTED'
    'X-Content-Type-Options': 'REDACTED'
INFO     azure.core.pipeline.policies.http_logging_policy:_universal.py:511 Request URL: 'https://batch71d31cdf.eastasia.batch.azure.com/jobs/batch71d31cdf/tasks/batch_task6_71d31cdf?api-version=REDACTED'
Request method: 'PUT'
Request headers:
    'content-type': 'application/json; odata=minimalmetadata'
    'Content-Length': '41'
    'client-request-id': 'REDACTED'
    'User-Agent': 'azsdk-python-batch/14.0.0b Python/3.8.10 (Windows-10-10.0.22621-SP0)'
    'ocp-date': 'REDACTED'
    'Authorization': 'REDACTED'
A body is sent with the request
INFO     azure.core.pipeline.policies.http_logging_policy:_universal.py:550 Response status: 200
Response headers:
    'Content-Length': '0'
    'Date': 'Thu, 07 Sep 2023 06:53:51 GMT'
    'Server': 'Microsoft-HTTPAPI/2.0'
    'Etag': '0x8DBAF6F324AF37E'
    'Last-Modified': 'Thu, 07 Sep 2023 06:53:52 GMT'
    'DataServiceId': 'REDACTED'
    'DataServiceVersion': 'REDACTED'
    'Request-Id': 'c7ece736-e267-4a18-8faf-f4ffa57d16e9'
    'Strict-Transport-Security': 'REDACTED'
    'X-Content-Type-Options': 'REDACTED'
INFO     azure.core.pipeline.policies.http_logging_policy:_universal.py:514 Request URL: 'https://batch71d31cdf.eastasia.batch.azure.com/jobs/batch71d31cdf/tasks/batch_task6_71d31cdf/subtasksinfo?api-version=REDACTED'
Request method: 'GET'
Request headers:
    'Accept': 'application/json'
    'client-request-id': 'REDACTED'
    'User-Agent': 'azsdk-python-batch/14.0.0b Python/3.8.10 (Windows-10-10.0.22621-SP0)'
    'ocp-date': 'REDACTED'
    'Authorization': 'REDACTED'
No body was attached to the request
INFO     azure.core.pipeline.policies.http_logging_policy:_universal.py:550 Response status: 200
Response headers:
    'Content-Type': 'application/json; odata=minimalmetadata'
    'Date': 'Thu, 07 Sep 2023 06:53:51 GMT'
    'Server': 'Microsoft-HTTPAPI/2.0'
    'Transfer-Encoding': 'chunked'
    'DataServiceVersion': 'REDACTED'
    'Request-Id': 'f8befbcd-adea-4cb2-afca-36c14fb61023'
    'Strict-Transport-Security': 'REDACTED'
    'X-Content-Type-Options': 'REDACTED'
INFO     azure.core.pipeline.policies.http_logging_policy:_universal.py:514 Request URL: 'https://batch71d31cdf.eastasia.batch.azure.com/jobs/batch71d31cdf/tasks/batch_task6_71d31cdf?api-version=REDACTED'
Request method: 'DELETE'
Request headers:
    'client-request-id': 'REDACTED'
    'User-Agent': 'azsdk-python-batch/14.0.0b Python/3.8.10 (Windows-10-10.0.22621-SP0)'
    'ocp-date': 'REDACTED'
    'Authorization': 'REDACTED'
No body was attached to the request
INFO     azure.core.pipeline.policies.http_logging_policy:_universal.py:550 Response status: 200
Response headers:
    'Content-Length': '0'
    'Date': 'Thu, 07 Sep 2023 06:53:51 GMT'
    'Server': 'Microsoft-HTTPAPI/2.0'
    'DataServiceVersion': 'REDACTED'
    'Request-Id': 'e0fd5eb4-0253-49e7-b3f9-f833f1fc2d3a'
    'Strict-Transport-Security': 'REDACTED'
    'X-Content-Type-Options': 'REDACTED'
INFO     azure.core.pipeline.policies.http_logging_policy:_universal.py:511 Request URL: 'https://batch71d31cdf.eastasia.batch.azure.com/jobs/batch71d31cdf/addtaskcollection?api-version=REDACTED'
Request method: 'POST'
Request headers:
    'content-type': 'application/json; odata=minimalmetadata'
    'Content-Length': '1177854'
    'Accept': 'application/json'
    'client-request-id': 'REDACTED'
    'User-Agent': 'azsdk-python-batch/14.0.0b Python/3.8.10 (Windows-10-10.0.22621-SP0)'
    'ocp-date': 'REDACTED'
    'Authorization': 'REDACTED'
A body is sent with the request
INFO     azure.core.pipeline.policies.http_logging_policy:_universal.py:550 Response status: 413
Response headers:
    'Content-Length': '413'
    'Content-Type': 'application/json; odata=minimalmetadata'
    'Date': 'Thu, 07 Sep 2023 06:53:52 GMT'
    'Server': 'Microsoft-HTTPAPI/2.0'
    'DataServiceVersion': 'REDACTED'
    'Request-Id': '4da6e047-812b-4f9a-8b42-105d2cd23013'
    'Strict-Transport-Security': 'REDACTED'
    'X-Content-Type-Options': 'REDACTED'
ERROR    azure.batch.aio._operations._patch:_patch.py:493 Failed to add task with ID mytask due to the body exceeding the maximum request size
INFO     azure.core.pipeline.policies.http_logging_policy:_universal.py:511 Request URL: 'https://batch71d31cdf.eastasia.batch.azure.com/jobs/batch71d31cdf/addtaskcollection?api-version=REDACTED'
Request method: 'POST'
Request headers:
    'content-type': 'application/json; odata=minimalmetadata'
    'Content-Length': '1177854'
    'Accept': 'application/json'
    'client-request-id': 'REDACTED'
    'User-Agent': 'azsdk-python-batch/14.0.0b Python/3.8.10 (Windows-10-10.0.22621-SP0)'
    'ocp-date': 'REDACTED'
    'Authorization': 'REDACTED'
A body is sent with the request
INFO     azure.core.pipeline.policies.http_logging_policy:_universal.py:550 Response status: 413
Response headers:
    'Content-Length': '413'
    'Content-Type': 'application/json; odata=minimalmetadata'
    'Date': 'Thu, 07 Sep 2023 06:53:57 GMT'
    'Server': 'Microsoft-HTTPAPI/2.0'
    'DataServiceVersion': 'REDACTED'
    'Request-Id': '42cda791-3298-4605-88ff-dcacbaab8382'
    'Strict-Transport-Security': 'REDACTED'
    'X-Content-Type-Options': 'REDACTED'
ERROR    azure.batch.aio._operations._patch:_patch.py:493 Failed to add task with ID mytask due to the body exceeding the maximum request size
INFO     azure.core.pipeline.policies.http_logging_policy:_universal.py:511 Request URL: 'https://batch71d31cdf.eastasia.batch.azure.com/jobs/batch71d31cdf/addtaskcollection?api-version=REDACTED'
Request method: 'POST'
Request headers:
    'content-type': 'application/json; odata=minimalmetadata'
    'Content-Length': '1144611'
    'Accept': 'application/json'
    'client-request-id': 'REDACTED'
    'User-Agent': 'azsdk-python-batch/14.0.0b Python/3.8.10 (Windows-10-10.0.22621-SP0)'
    'ocp-date': 'REDACTED'
    'Authorization': 'REDACTED'
A body is sent with the request
INFO     azure.core.pipeline.policies.http_logging_policy:_universal.py:511 Request URL: 'https://batch71d31cdf.eastasia.batch.azure.com/jobs/batch71d31cdf/addtaskcollection?api-version=REDACTED'
Request method: 'POST'
Request headers:
    'content-type': 'application/json; odata=minimalmetadata'
    'Content-Length': '1144611'
    'Accept': 'application/json'
    'client-request-id': 'REDACTED'
    'User-Agent': 'azsdk-python-batch/14.0.0b Python/3.8.10 (Windows-10-10.0.22621-SP0)'
    'ocp-date': 'REDACTED'
    'Authorization': 'REDACTED'
A body is sent with the request
INFO     azure.core.pipeline.policies.http_logging_policy:_universal.py:511 Request URL: 'https://batch71d31cdf.eastasia.batch.azure.com/jobs/batch71d31cdf/addtaskcollection?api-version=REDACTED'
Request method: 'POST'
Request headers:
    'content-type': 'application/json; odata=minimalmetadata'
    'Content-Length': '1144611'
    'Accept': 'application/json'
    'client-request-id': 'REDACTED'
    'User-Agent': 'azsdk-python-batch/14.0.0b Python/3.8.10 (Windows-10-10.0.22621-SP0)'
    'ocp-date': 'REDACTED'
    'Authorization': 'REDACTED'
A body is sent with the request
INFO     azure.core.pipeline.policies.http_logging_policy:_universal.py:550 Response status: 413
Response headers:
    'Content-Length': '413'
    'Content-Type': 'application/json; odata=minimalmetadata'
    'Date': 'Thu, 07 Sep 2023 06:54:05 GMT'
    'Server': 'Microsoft-HTTPAPI/2.0'
    'DataServiceVersion': 'REDACTED'
    'Request-Id': 'd90f6288-2515-427a-afd0-f68bd43682fe'
    'Strict-Transport-Security': 'REDACTED'
    'X-Content-Type-Options': 'REDACTED'
INFO     azure.batch.aio._operations._patch:_patch.py:504 Amount of tasks per request reduced from 100 to 50 due to the request body being too large
INFO     azure.core.pipeline.policies.http_logging_policy:_universal.py:511 Request URL: 'https://batch71d31cdf.eastasia.batch.azure.com/jobs/batch71d31cdf/addtaskcollection?api-version=REDACTED'
Request method: 'POST'
Request headers:
    'content-type': 'application/json; odata=minimalmetadata'
    'Content-Length': '572311'
    'Accept': 'application/json'
    'client-request-id': 'REDACTED'
    'User-Agent': 'azsdk-python-batch/14.0.0b Python/3.8.10 (Windows-10-10.0.22621-SP0)'
    'ocp-date': 'REDACTED'
    'Authorization': 'REDACTED'
A body is sent with the request
INFO     azure.core.pipeline.policies.http_logging_policy:_universal.py:550 Response status: 404
Response headers:
    'Content-Type': 'application/json;'
    'Date': 'Mon, 09 Oct 2023 07:03:33 GMT'
    'Server': 'Kestrel'
    'Transfer-Encoding': 'chunked'
    'x-request-mismatch': 'REDACTED'
    'x-request-mismatch-error': 'REDACTED'
INFO     azure.core.pipeline.policies.http_logging_policy:_universal.py:550 Response status: 404
Response headers:
    'Content-Type': 'application/json;'
    'Date': 'Mon, 09 Oct 2023 07:03:33 GMT'
    'Server': 'Kestrel'
    'Transfer-Encoding': 'chunked'
    'x-request-mismatch': 'REDACTED'
    'x-request-mismatch-error': 'REDACTED'
INFO     azure.core.pipeline.policies.http_logging_policy:_universal.py:550 Response status: 200
Response headers:
    'Content-Type': 'application/json; odata=minimalmetadata'
    'Date': 'Thu, 07 Sep 2023 06:54:13 GMT'
    'Server': 'Microsoft-HTTPAPI/2.0'
    'Transfer-Encoding': 'chunked'
    'DataServiceVersion': 'REDACTED'
    'Request-Id': '7386f1e3-340b-46df-8472-1babfb8d248e'
    'Strict-Transport-Security': 'REDACTED'
    'X-Content-Type-Options': 'REDACTED'
DEBUG    urllib3.connectionpool:connectionpool.py:1003 Starting new HTTPS connection (1): localhost:5001
DEBUG    urllib3.connectionpool:connectionpool.py:456 https://localhost:5001 "POST /playback/stop HTTP/1.1" 200 0
FAILED                                                                   [100%]
------------------------------ live log teardown ------------------------------
INFO     root:proxy_startup.py:334 Stopping the test proxy tool...
DEBUG    azure_devtools.scenario_tests.preparers:preparers.py:227 Perform all delayed resource removal.


================================== FAILURES ===================================
_________________________ TestBatch.test_batch_tasks __________________________

self = <test_batch.TestBatch object at 0x000001896AB6B250>
kwargs = {'__aggregate_cache_key': (('JobPreparer',), (('AccountPreparer',), ('ResourceGroupPreparer', 'resource_group', ''))),... id='batch71d31cdf'), 'credential': <azure.core.credentials.AzureNamedKeyCredential object at 0x000001896AB6BB80>, ...}
client = <azure.batch.aio._patch.BatchClient object at 0x000001896AB6B0A0>

    async def wrapper(self, **kwargs):
        client = create_sharedkey_client(**kwargs)
        try:
            await test_func(self, client, **kwargs)
        except Exception as err:
>           raise err

tests\decorators.py:161: 
_ _ _ _ _ _ _ _ _ _ _ _ _ _ _ _ _ _ _ _ _ _ _ _ _ _ _ _ _ _ _ _ _ _ _ _ _ _ _ _
tests\decorators.py:159: in wrapper
    await test_func(self, client, **kwargs)
tests\decorators.py:103: in record_wrap
    test_variables = await test_func(
tests\test_batch.py:1317: in test_batch_tasks
    result = await async_wrapper(
tests\async_wrapper.py:14: in async_wrapper
    waited = await obj
_ _ _ _ _ _ _ _ _ _ _ _ _ _ _ _ _ _ _ _ _ _ _ _ _ _ _ _ _ _ _ _ _ _ _ _ _ _ _ _

self = <azure.batch.aio._patch.BatchClient object at 0x000001896AB6B0A0>
job_id = 'batch71d31cdf'
collection = [{'id': 'mytask0', 'commandLine': 'sleep 1', 'resourceFiles': [{'httpUrl': 'https://mystorageaccount.blob.core.windows...'httpUrl': 'https://mystorageaccount.blob.core.windows.net/files/resourceFile99', 'filePath': 'resourceFile99'}]}, ...]
concurrencies = 3, time_out = None, ocp_date = None
kwargs = {'ocp_date': None, 'time_out': None}
results_queue = deque([{'status': 'Success', 'taskId': 'mytask699', 'eTag': '0x8DBAF6F52A2395D', 'lastModified': '2023-09-07T06:54:46....4:13.8875303Z', 'location': 'https://batch71d31cdf.eastasia.batch.azure.com/jobs/batch71d31cdf/tasks/mytask687'}, ...])
task_workflow_manager = <azure.batch.aio._operations._patch._TaskWorkflowManager object at 0x000001896DADF460>
coroutines = [<coroutine object _TaskWorkflowManager.task_collection_handler at 0x000001896ABE82C0>, <coroutine object _TaskWorkflo..._handler at 0x000001896ABE8B40>, <coroutine object _TaskWorkflowManager.task_collection_handler at 0x000001896ABE8C40>]
i = 2

    async def create_task_collection(
        self,
        job_id: str,
        collection: _models.BatchTaskCollection or List[_models.BatchTaskCreateOptions],
        concurrencies: Optional[int] = 0,
        *,
        time_out: Optional[int] = None,
        ocp_date: Optional[datetime.datetime] = None,
        **kwargs: Any
    ) -> _models.TaskAddCollectionResult:
        """Adds a collection of Tasks to the specified Job.
    
        Note that each Task must have a unique ID. The Batch service may not return the
        results for each Task in the same order the Tasks were submitted in this
        request. If the server times out or the connection is closed during the
        request, the request may have been partially or fully processed, or not at all.
        In such cases, the user should re-issue the request. Note that it is up to the
        user to correctly handle failures when re-issuing a request. For example, you
        should use the same Task IDs during a retry so that if the prior operation
        succeeded, the retry will not create extra Tasks unexpectedly. If the response
        contains any Tasks which failed to add, a client can retry the request. In a
        retry, it is most efficient to resubmit only Tasks that failed to add, and to
        omit Tasks that were successfully added on the first attempt. The maximum
        lifetime of a Task from addition to completion is 180 days. If a Task has not
        completed within 180 days of being added it will be terminated by the Batch
        service and left in whatever state it was in at that time.
    
        :param job_id: The ID of the Job to which the Task collection is to be added. Required.
        :type job_id: str
        :param collection: The Tasks to be added. Required.
        :type collection: ~azure.batch.models.BatchTaskCollection
        :param concurrency: number of coroutines to use in parallel when adding tasks. If specified
        and greater than 0, will start additional coroutines to submit requests and wait for them to finish.
        Otherwise will submit create_task_collection requests sequentially on main thread
        :type concurrency: int
        :keyword time_out: The maximum number of items to return in the response. A maximum of 1000
         applications can be returned. Default value is None.
        :paramtype time_out: int
        :keyword ocp_date: The time the request was issued. Client libraries typically set this to the
         current system clock time; set it explicitly if you are calling the REST API
         directly. Default value is None.
        :paramtype ocp_date: ~datetime.datetime
        :keyword content_type: Type of content. Default value is "application/json;
         odata=minimalmetadata".
        :paramtype content_type: str
        :keyword bool stream: Whether to stream the response of this operation. Defaults to False. You
         will have to context manage the returned stream.
        :return: TaskAddCollectionResult. The TaskAddCollectionResult is compatible with MutableMapping
        :rtype: ~azure.batch.models.TaskAddCollectionResult
        :raises ~azure.batch.custom.CreateTasksErrorException
        """
    
        kwargs.update({"time_out": time_out, "ocp_date": ocp_date})
    
        results_queue = (
            collections.deque()
        )
        task_workflow_manager = _TaskWorkflowManager(
            super().create_task_collection,
            job_id=job_id,
            collection=collection,
            **kwargs
        )
    
        if concurrencies:
            if concurrencies < 0:
                raise ValueError("Concurrencies must be positive or 0")
    
            coroutines = []
            for i in range(concurrencies):
                coroutines.append(
                    task_workflow_manager.task_collection_handler(results_queue)
                )
            await asyncio.gather(*coroutines)
        else:
            await task_workflow_manager.task_collection_handler(results_queue)
    
        # Only define error if all coroutines have finished and there were failures
        if task_workflow_manager.failure_tasks or task_workflow_manager.errors:
>           raise _models.CreateTasksErrorException(
                task_workflow_manager.tasks_to_add,
                task_workflow_manager.failure_tasks,
                task_workflow_manager.errors,
            )
E           azure.batch.models._patch.CreateTasksErrorException: Multiple errors occurred when submitting add_collection requests. Check the `errors` property for the inner exceptions.

azure\batch\aio\_operations\_patch.py:113: CreateTasksErrorException
----------------------------- Captured log setup ------------------------------
DEBUG    urllib3.connectionpool:connectionpool.py:1003 Starting new HTTPS connection (1): localhost:5001
DEBUG    urllib3.util.retry:retry.py:594 Incremented Retry for (url='/Info/Available'): Retry(total=2, connect=None, read=None, redirect=None, status=None)
WARNING  urllib3.connectionpool:connectionpool.py:812 Retrying (Retry(total=2, connect=None, read=None, redirect=None, status=None)) after connection broken by 'NewConnectionError('<urllib3.connection.HTTPSConnection object at 0x000001896AB5F220>: Failed to establish a new connection: [WinError 10061] No connection could be made because the target machine actively refused it')': /Info/Available
DEBUG    urllib3.connectionpool:connectionpool.py:1003 Starting new HTTPS connection (2): localhost:5001
DEBUG    urllib3.util.retry:retry.py:594 Incremented Retry for (url='/Info/Available'): Retry(total=1, connect=None, read=None, redirect=None, status=None)
WARNING  urllib3.connectionpool:connectionpool.py:812 Retrying (Retry(total=1, connect=None, read=None, redirect=None, status=None)) after connection broken by 'NewConnectionError('<urllib3.connection.HTTPSConnection object at 0x000001896AB4BCD0>: Failed to establish a new connection: [WinError 10061] No connection could be made because the target machine actively refused it')': /Info/Available
DEBUG    urllib3.connectionpool:connectionpool.py:1003 Starting new HTTPS connection (3): localhost:5001
DEBUG    urllib3.util.retry:retry.py:594 Incremented Retry for (url='/Info/Available'): Retry(total=0, connect=None, read=None, redirect=None, status=None)
WARNING  urllib3.connectionpool:connectionpool.py:812 Retrying (Retry(total=0, connect=None, read=None, redirect=None, status=None)) after connection broken by 'NewConnectionError('<urllib3.connection.HTTPSConnection object at 0x000001896AB4B9D0>: Failed to establish a new connection: [WinError 10061] No connection could be made because the target machine actively refused it')': /Info/Available
DEBUG    urllib3.connectionpool:connectionpool.py:1003 Starting new HTTPS connection (4): localhost:5001
DEBUG    root:proxy_startup.py:144 HTTPSConnectionPool(host='localhost', port=5001): Max retries exceeded with url: /Info/Available (Caused by NewConnectionError('<urllib3.connection.HTTPSConnection object at 0x000001896AB4BA90>: Failed to establish a new connection: [WinError 10061] No connection could be made because the target machine actively refused it'))
INFO     root:proxy_startup.py:284 C:\Users\hoppe\work\sandbox\azure-sdk-for-python is calculated repo root
INFO     root:proxy_startup.py:300 Downloading and starting standalone proxy executable...
DEBUG    urllib3.connectionpool:connectionpool.py:1003 Starting new HTTPS connection (1): localhost:5001
DEBUG    urllib3.connectionpool:connectionpool.py:456 https://localhost:5001 "GET /Info/Available HTTP/1.1" 200 40693
DEBUG    urllib3.connectionpool:connectionpool.py:1003 Starting new HTTPS connection (1): localhost:5001
DEBUG    urllib3.connectionpool:connectionpool.py:456 https://localhost:5001 "POST /Admin/AddSanitizer HTTP/1.1" 200 0
DEBUG    urllib3.connectionpool:connectionpool.py:1003 Starting new HTTPS connection (1): localhost:5001
DEBUG    urllib3.connectionpool:connectionpool.py:456 https://localhost:5001 "POST /Admin/SetMatcher HTTP/1.1" 200 0
DEBUG    urllib3.connectionpool:connectionpool.py:1003 Starting new HTTPS connection (1): localhost:5001
DEBUG    urllib3.connectionpool:connectionpool.py:456 https://localhost:5001 "POST /Admin/SetMatcher HTTP/1.1" 200 0
------------------------------ Captured log call ------------------------------
DEBUG    azure_devtools.scenario_tests.preparers:preparers.py:92 Entering preparer wrapper for ResourceGroupPreparer and test <test_batch.TestBatch object at 0x000001896AB6B250>
DEBUG    azure_devtools.scenario_tests.preparers:preparers.py:108 Child cache status for ResourceGroupPreparer: False
DEBUG    azure_devtools.scenario_tests.preparers:preparers.py:118 Aggregate cache key: ('ResourceGroupPreparer', 'resource_group', '')
DEBUG    azure_devtools.scenario_tests.preparers:preparers.py:55 Creating resource 71d31cdf for ResourceGroupPreparer
DEBUG    azure_devtools.scenario_tests.preparers:preparers.py:61 Successfully created resource 71d31cdf
DEBUG    azure_devtools.scenario_tests.preparers:preparers.py:92 Entering preparer wrapper for AccountPreparer and test <test_batch.TestBatch object at 0x000001896AB6B250>
DEBUG    azure_devtools.scenario_tests.preparers:preparers.py:108 Child cache status for AccountPreparer: False
DEBUG    azure_devtools.scenario_tests.preparers:preparers.py:118 Aggregate cache key: (('AccountPreparer',), ('ResourceGroupPreparer', 'resource_group', ''))
DEBUG    azure_devtools.scenario_tests.preparers:preparers.py:55 Creating resource batch71d31cdf for AccountPreparer
DEBUG    azure_devtools.scenario_tests.preparers:preparers.py:61 Successfully created resource batch71d31cdf
DEBUG    azure_devtools.scenario_tests.preparers:preparers.py:92 Entering preparer wrapper for JobPreparer and test <test_batch.TestBatch object at 0x000001896AB6B250>
DEBUG    azure_devtools.scenario_tests.preparers:preparers.py:108 Child cache status for JobPreparer: False
DEBUG    azure_devtools.scenario_tests.preparers:preparers.py:118 Aggregate cache key: (('JobPreparer',), (('AccountPreparer',), ('ResourceGroupPreparer', 'resource_group', '')))
DEBUG    azure_devtools.scenario_tests.preparers:preparers.py:55 Creating resource batch71d31cdf for JobPreparer
DEBUG    azure_devtools.scenario_tests.preparers:preparers.py:61 Successfully created resource batch71d31cdf
DEBUG    asyncio:selector_events.py:59 Using selector: SelectSelector
DEBUG    urllib3.connectionpool:connectionpool.py:1003 Starting new HTTPS connection (1): localhost:5001
DEBUG    urllib3.connectionpool:connectionpool.py:456 https://localhost:5001 "POST /playback/start HTTP/1.1" 200 None
INFO     azure.core.pipeline.policies.http_logging_policy:_universal.py:511 Request URL: 'https://batch71d31cdf.eastasia.batch.azure.com/jobs/batch71d31cdf/tasks?api-version=REDACTED'
Request method: 'POST'
Request headers:
    'content-type': 'application/json; odata=minimalmetadata'
    'Content-Length': '286'
    'client-request-id': 'REDACTED'
    'User-Agent': 'azsdk-python-batch/14.0.0b Python/3.8.10 (Windows-10-10.0.22621-SP0)'
    'ocp-date': 'REDACTED'
    'Authorization': 'REDACTED'
A body is sent with the request
INFO     azure.core.pipeline.policies.http_logging_policy:_universal.py:550 Response status: 201
Response headers:
    'Content-Length': '0'
    'Date': 'Thu, 07 Sep 2023 06:53:46 GMT'
    'Server': 'Microsoft-HTTPAPI/2.0'
    'Etag': '0x8DBAF6F2F67300B'
    'Last-Modified': 'Thu, 07 Sep 2023 06:53:47 GMT'
    'Location': 'REDACTED'
    'DataServiceId': 'REDACTED'
    'DataServiceVersion': 'REDACTED'
    'Request-Id': '7ef214b0-d5e1-4074-8b03-c54f5cb21089'
    'Strict-Transport-Security': 'REDACTED'
    'X-Content-Type-Options': 'REDACTED'
INFO     azure.core.pipeline.policies.http_logging_policy:_universal.py:514 Request URL: 'https://batch71d31cdf.eastasia.batch.azure.com/jobs/batch71d31cdf/tasks/batch_task1_71d31cdf?api-version=REDACTED'
Request method: 'GET'
Request headers:
    'Accept': 'application/json'
    'client-request-id': 'REDACTED'
    'User-Agent': 'azsdk-python-batch/14.0.0b Python/3.8.10 (Windows-10-10.0.22621-SP0)'
    'ocp-date': 'REDACTED'
    'Authorization': 'REDACTED'
No body was attached to the request
INFO     azure.core.pipeline.policies.http_logging_policy:_universal.py:550 Response status: 200
Response headers:
    'Content-Type': 'application/json; odata=minimalmetadata'
    'Date': 'Thu, 07 Sep 2023 06:53:47 GMT'
    'Server': 'Microsoft-HTTPAPI/2.0'
    'Etag': '0x8DBAF6F2F67300B'
    'Last-Modified': 'Thu, 07 Sep 2023 06:53:47 GMT'
    'Transfer-Encoding': 'chunked'
    'DataServiceVersion': 'REDACTED'
    'Request-Id': '4e622e1a-9e42-49f9-9786-b2d18d24595c'
    'Strict-Transport-Security': 'REDACTED'
    'X-Content-Type-Options': 'REDACTED'
INFO     azure.core.pipeline.policies.http_logging_policy:_universal.py:511 Request URL: 'https://batch71d31cdf.eastasia.batch.azure.com/jobs/batch71d31cdf/tasks?api-version=REDACTED'
Request method: 'POST'
Request headers:
    'content-type': 'application/json; odata=minimalmetadata'
    'Content-Length': '541'
    'client-request-id': 'REDACTED'
    'User-Agent': 'azsdk-python-batch/14.0.0b Python/3.8.10 (Windows-10-10.0.22621-SP0)'
    'ocp-date': 'REDACTED'
    'Authorization': 'REDACTED'
A body is sent with the request
INFO     azure.core.pipeline.policies.http_logging_policy:_universal.py:550 Response status: 201
Response headers:
    'Content-Length': '0'
    'Date': 'Thu, 07 Sep 2023 06:53:47 GMT'
    'Server': 'Microsoft-HTTPAPI/2.0'
    'Etag': '0x8DBAF6F2F9B08E9'
    'Last-Modified': 'Thu, 07 Sep 2023 06:53:47 GMT'
    'Location': 'REDACTED'
    'DataServiceId': 'REDACTED'
    'DataServiceVersion': 'REDACTED'
    'Request-Id': '4d6b15ee-61a0-4d8e-ba11-ada58582ce4a'
    'Strict-Transport-Security': 'REDACTED'
    'X-Content-Type-Options': 'REDACTED'
INFO     azure.core.pipeline.policies.http_logging_policy:_universal.py:514 Request URL: 'https://batch71d31cdf.eastasia.batch.azure.com/jobs/batch71d31cdf/tasks/batch_task2_71d31cdf?api-version=REDACTED'
Request method: 'GET'
Request headers:
    'Accept': 'application/json'
    'client-request-id': 'REDACTED'
    'User-Agent': 'azsdk-python-batch/14.0.0b Python/3.8.10 (Windows-10-10.0.22621-SP0)'
    'ocp-date': 'REDACTED'
    'Authorization': 'REDACTED'
No body was attached to the request
INFO     azure.core.pipeline.policies.http_logging_policy:_universal.py:550 Response status: 200
Response headers:
    'Content-Type': 'application/json; odata=minimalmetadata'
    'Date': 'Thu, 07 Sep 2023 06:53:47 GMT'
    'Server': 'Microsoft-HTTPAPI/2.0'
    'Etag': '0x8DBAF6F2F9B08E9'
    'Last-Modified': 'Thu, 07 Sep 2023 06:53:47 GMT'
    'Transfer-Encoding': 'chunked'
    'DataServiceVersion': 'REDACTED'
    'Request-Id': '141bf797-ab0a-4817-a845-c2dad2da5a0e'
    'Strict-Transport-Security': 'REDACTED'
    'X-Content-Type-Options': 'REDACTED'
INFO     azure.core.pipeline.policies.http_logging_policy:_universal.py:511 Request URL: 'https://batch71d31cdf.eastasia.batch.azure.com/jobs/batch71d31cdf/tasks?api-version=REDACTED'
Request method: 'POST'
Request headers:
    'content-type': 'application/json; odata=minimalmetadata'
    'Content-Length': '152'
    'client-request-id': 'REDACTED'
    'User-Agent': 'azsdk-python-batch/14.0.0b Python/3.8.10 (Windows-10-10.0.22621-SP0)'
    'ocp-date': 'REDACTED'
    'Authorization': 'REDACTED'
A body is sent with the request
INFO     azure.core.pipeline.policies.http_logging_policy:_universal.py:550 Response status: 201
Response headers:
    'Content-Length': '0'
    'Date': 'Thu, 07 Sep 2023 06:53:47 GMT'
    'Server': 'Microsoft-HTTPAPI/2.0'
    'Etag': '0x8DBAF6F2FCF365C'
    'Last-Modified': 'Thu, 07 Sep 2023 06:53:48 GMT'
    'Location': 'REDACTED'
    'DataServiceId': 'REDACTED'
    'DataServiceVersion': 'REDACTED'
    'Request-Id': 'f54e9e2d-390f-4360-a760-7d6dba4cd7b9'
    'Strict-Transport-Security': 'REDACTED'
    'X-Content-Type-Options': 'REDACTED'
INFO     azure.core.pipeline.policies.http_logging_policy:_universal.py:514 Request URL: 'https://batch71d31cdf.eastasia.batch.azure.com/jobs/batch71d31cdf/tasks/batch_task3_71d31cdf?api-version=REDACTED'
Request method: 'GET'
Request headers:
    'Accept': 'application/json'
    'client-request-id': 'REDACTED'
    'User-Agent': 'azsdk-python-batch/14.0.0b Python/3.8.10 (Windows-10-10.0.22621-SP0)'
    'ocp-date': 'REDACTED'
    'Authorization': 'REDACTED'
No body was attached to the request
INFO     azure.core.pipeline.policies.http_logging_policy:_universal.py:550 Response status: 200
Response headers:
    'Content-Type': 'application/json; odata=minimalmetadata'
    'Date': 'Thu, 07 Sep 2023 06:53:47 GMT'
    'Server': 'Microsoft-HTTPAPI/2.0'
    'Etag': '0x8DBAF6F2FCF365C'
    'Last-Modified': 'Thu, 07 Sep 2023 06:53:48 GMT'
    'Transfer-Encoding': 'chunked'
    'DataServiceVersion': 'REDACTED'
    'Request-Id': 'd16e91e5-9189-4010-99e4-5223e6c3c40d'
    'Strict-Transport-Security': 'REDACTED'
    'X-Content-Type-Options': 'REDACTED'
INFO     azure.core.pipeline.policies.http_logging_policy:_universal.py:511 Request URL: 'https://batch71d31cdf.eastasia.batch.azure.com/jobs/batch71d31cdf/tasks?api-version=REDACTED'
Request method: 'POST'
Request headers:
    'content-type': 'application/json; odata=minimalmetadata'
    'Content-Length': '128'
    'client-request-id': 'REDACTED'
    'User-Agent': 'azsdk-python-batch/14.0.0b Python/3.8.10 (Windows-10-10.0.22621-SP0)'
    'ocp-date': 'REDACTED'
    'Authorization': 'REDACTED'
A body is sent with the request
INFO     azure.core.pipeline.policies.http_logging_policy:_universal.py:550 Response status: 201
Response headers:
    'Content-Length': '0'
    'Date': 'Thu, 07 Sep 2023 06:53:47 GMT'
    'Server': 'Microsoft-HTTPAPI/2.0'
    'Etag': '0x8DBAF6F2FF8425D'
    'Last-Modified': 'Thu, 07 Sep 2023 06:53:48 GMT'
    'Location': 'REDACTED'
    'DataServiceId': 'REDACTED'
    'DataServiceVersion': 'REDACTED'
    'Request-Id': '5e17e16c-cd90-4533-86ed-0879042f406d'
    'Strict-Transport-Security': 'REDACTED'
    'X-Content-Type-Options': 'REDACTED'
INFO     azure.core.pipeline.policies.http_logging_policy:_universal.py:514 Request URL: 'https://batch71d31cdf.eastasia.batch.azure.com/jobs/batch71d31cdf/tasks/batch_task4_71d31cdf?api-version=REDACTED'
Request method: 'GET'
Request headers:
    'Accept': 'application/json'
    'client-request-id': 'REDACTED'
    'User-Agent': 'azsdk-python-batch/14.0.0b Python/3.8.10 (Windows-10-10.0.22621-SP0)'
    'ocp-date': 'REDACTED'
    'Authorization': 'REDACTED'
No body was attached to the request
INFO     azure.core.pipeline.policies.http_logging_policy:_universal.py:550 Response status: 200
Response headers:
    'Content-Type': 'application/json; odata=minimalmetadata'
    'Date': 'Thu, 07 Sep 2023 06:53:47 GMT'
    'Server': 'Microsoft-HTTPAPI/2.0'
    'Etag': '0x8DBAF6F2FF8425D'
    'Last-Modified': 'Thu, 07 Sep 2023 06:53:48 GMT'
    'Transfer-Encoding': 'chunked'
    'DataServiceVersion': 'REDACTED'
    'Request-Id': 'ed365183-2e27-4026-b4f1-c8abd6d77236'
    'Strict-Transport-Security': 'REDACTED'
    'X-Content-Type-Options': 'REDACTED'
INFO     azure.core.pipeline.policies.http_logging_policy:_universal.py:511 Request URL: 'https://batch71d31cdf.eastasia.batch.azure.com/jobs/batch71d31cdf/tasks?api-version=REDACTED'
Request method: 'POST'
Request headers:
    'content-type': 'application/json; odata=minimalmetadata'
    'Content-Length': '202'
    'client-request-id': 'REDACTED'
    'User-Agent': 'azsdk-python-batch/14.0.0b Python/3.8.10 (Windows-10-10.0.22621-SP0)'
    'ocp-date': 'REDACTED'
    'Authorization': 'REDACTED'
A body is sent with the request
INFO     azure.core.pipeline.policies.http_logging_policy:_universal.py:550 Response status: 201
Response headers:
    'Content-Length': '0'
    'Date': 'Thu, 07 Sep 2023 06:53:48 GMT'
    'Server': 'Microsoft-HTTPAPI/2.0'
    'Etag': '0x8DBAF6F302201D4'
    'Last-Modified': 'Thu, 07 Sep 2023 06:53:48 GMT'
    'Location': 'REDACTED'
    'DataServiceId': 'REDACTED'
    'DataServiceVersion': 'REDACTED'
    'Request-Id': '2ed27751-fa39-49ca-aaf8-add8d6c24410'
    'Strict-Transport-Security': 'REDACTED'
    'X-Content-Type-Options': 'REDACTED'
INFO     azure.core.pipeline.policies.http_logging_policy:_universal.py:514 Request URL: 'https://batch71d31cdf.eastasia.batch.azure.com/jobs/batch71d31cdf/tasks/batch_task5_71d31cdf?api-version=REDACTED'
Request method: 'GET'
Request headers:
    'Accept': 'application/json'
    'client-request-id': 'REDACTED'
    'User-Agent': 'azsdk-python-batch/14.0.0b Python/3.8.10 (Windows-10-10.0.22621-SP0)'
    'ocp-date': 'REDACTED'
    'Authorization': 'REDACTED'
No body was attached to the request
INFO     azure.core.pipeline.policies.http_logging_policy:_universal.py:550 Response status: 200
Response headers:
    'Content-Type': 'application/json; odata=minimalmetadata'
    'Date': 'Thu, 07 Sep 2023 06:53:48 GMT'
    'Server': 'Microsoft-HTTPAPI/2.0'
    'Etag': '0x8DBAF6F302201D4'
    'Last-Modified': 'Thu, 07 Sep 2023 06:53:48 GMT'
    'Transfer-Encoding': 'chunked'
    'DataServiceVersion': 'REDACTED'
    'Request-Id': 'f8a512f5-a798-49b6-b325-ca20ccc147ca'
    'Strict-Transport-Security': 'REDACTED'
    'X-Content-Type-Options': 'REDACTED'
INFO     azure.core.pipeline.policies.http_logging_policy:_universal.py:511 Request URL: 'https://batch71d31cdf.eastasia.batch.azure.com/jobs/batch71d31cdf/tasks?api-version=REDACTED'
Request method: 'POST'
Request headers:
    'content-type': 'application/json; odata=minimalmetadata'
    'Content-Length': '119'
    'client-request-id': 'REDACTED'
    'User-Agent': 'azsdk-python-batch/14.0.0b Python/3.8.10 (Windows-10-10.0.22621-SP0)'
    'ocp-date': 'REDACTED'
    'Authorization': 'REDACTED'
A body is sent with the request
INFO     azure.core.pipeline.policies.http_logging_policy:_universal.py:550 Response status: 201
Response headers:
    'Content-Length': '0'
    'Date': 'Thu, 07 Sep 2023 06:53:48 GMT'
    'Server': 'Microsoft-HTTPAPI/2.0'
    'Etag': '0x8DBAF6F304A8109'
    'Last-Modified': 'Thu, 07 Sep 2023 06:53:48 GMT'
    'Location': 'REDACTED'
    'DataServiceId': 'REDACTED'
    'DataServiceVersion': 'REDACTED'
    'Request-Id': '982e750c-3440-4a1f-95bb-a8546b8c71a5'
    'Strict-Transport-Security': 'REDACTED'
    'X-Content-Type-Options': 'REDACTED'
INFO     azure.core.pipeline.policies.http_logging_policy:_universal.py:514 Request URL: 'https://batch71d31cdf.eastasia.batch.azure.com/jobs/batch71d31cdf/tasks/batch_task6_71d31cdf?api-version=REDACTED'
Request method: 'GET'
Request headers:
    'Accept': 'application/json'
    'client-request-id': 'REDACTED'
    'User-Agent': 'azsdk-python-batch/14.0.0b Python/3.8.10 (Windows-10-10.0.22621-SP0)'
    'ocp-date': 'REDACTED'
    'Authorization': 'REDACTED'
No body was attached to the request
INFO     azure.core.pipeline.policies.http_logging_policy:_universal.py:550 Response status: 200
Response headers:
    'Content-Type': 'application/json; odata=minimalmetadata'
    'Date': 'Thu, 07 Sep 2023 06:53:48 GMT'
    'Server': 'Microsoft-HTTPAPI/2.0'
    'Etag': '0x8DBAF6F304A8109'
    'Last-Modified': 'Thu, 07 Sep 2023 06:53:48 GMT'
    'Transfer-Encoding': 'chunked'
    'DataServiceVersion': 'REDACTED'
    'Request-Id': 'c274659c-373c-4734-84e7-efff8368fe8f'
    'Strict-Transport-Security': 'REDACTED'
    'X-Content-Type-Options': 'REDACTED'
INFO     azure.core.pipeline.policies.http_logging_policy:_universal.py:511 Request URL: 'https://batch71d31cdf.eastasia.batch.azure.com/jobs/batch71d31cdf/addtaskcollection?api-version=REDACTED'
Request method: 'POST'
Request headers:
    'content-type': 'application/json; odata=minimalmetadata'
    'Content-Length': '245'
    'Accept': 'application/json'
    'client-request-id': 'REDACTED'
    'User-Agent': 'azsdk-python-batch/14.0.0b Python/3.8.10 (Windows-10-10.0.22621-SP0)'
    'ocp-date': 'REDACTED'
    'Authorization': 'REDACTED'
A body is sent with the request
INFO     azure.core.pipeline.policies.http_logging_policy:_universal.py:550 Response status: 200
Response headers:
    'Content-Type': 'application/json; odata=minimalmetadata'
    'Date': 'Thu, 07 Sep 2023 06:53:48 GMT'
    'Server': 'Microsoft-HTTPAPI/2.0'
    'Transfer-Encoding': 'chunked'
    'DataServiceVersion': 'REDACTED'
    'Request-Id': '82e98861-91cb-4a0b-9b31-ef286d177a0c'
    'Strict-Transport-Security': 'REDACTED'
    'X-Content-Type-Options': 'REDACTED'
INFO     azure.core.pipeline.policies.http_logging_policy:_universal.py:514 Request URL: 'https://batch71d31cdf.eastasia.batch.azure.com/jobs/batch71d31cdf/tasks?api-version=REDACTED'
Request method: 'GET'
Request headers:
    'Accept': 'application/json'
    'client-request-id': 'REDACTED'
    'User-Agent': 'azsdk-python-batch/14.0.0b Python/3.8.10 (Windows-10-10.0.22621-SP0)'
    'ocp-date': 'REDACTED'
    'Authorization': 'REDACTED'
No body was attached to the request
INFO     azure.core.pipeline.policies.http_logging_policy:_universal.py:550 Response status: 200
Response headers:
    'Content-Type': 'application/json; odata=minimalmetadata'
    'Date': 'Thu, 07 Sep 2023 06:53:48 GMT'
    'Server': 'Microsoft-HTTPAPI/2.0'
    'Transfer-Encoding': 'chunked'
    'DataServiceVersion': 'REDACTED'
    'Request-Id': 'fa1a52c3-53fc-4153-8d2f-1a66a6a4ef37'
    'Strict-Transport-Security': 'REDACTED'
    'X-Content-Type-Options': 'REDACTED'
INFO     azure.core.pipeline.policies.http_logging_policy:_universal.py:514 Request URL: 'https://batch71d31cdf.eastasia.batch.azure.com/jobs/batch71d31cdf/taskcounts?api-version=REDACTED'
Request method: 'GET'
Request headers:
    'Accept': 'application/json'
    'client-request-id': 'REDACTED'
    'User-Agent': 'azsdk-python-batch/14.0.0b Python/3.8.10 (Windows-10-10.0.22621-SP0)'
    'ocp-date': 'REDACTED'
    'Authorization': 'REDACTED'
No body was attached to the request
INFO     azure.core.pipeline.policies.http_logging_policy:_universal.py:550 Response status: 200
Response headers:
    'Content-Type': 'application/json; odata=minimalmetadata'
    'Date': 'Thu, 07 Sep 2023 06:53:51 GMT'
    'Server': 'Microsoft-HTTPAPI/2.0'
    'Transfer-Encoding': 'chunked'
    'DataServiceVersion': 'REDACTED'
    'Request-Id': 'cbbc9d0b-420d-4d62-8752-73bf0e1051ea'
    'Strict-Transport-Security': 'REDACTED'
    'X-Content-Type-Options': 'REDACTED'
INFO     azure.core.pipeline.policies.http_logging_policy:_universal.py:514 Request URL: 'https://batch71d31cdf.eastasia.batch.azure.com/jobs/batch71d31cdf/tasks/batch_task6_71d31cdf/terminate?api-version=REDACTED'
Request method: 'POST'
Request headers:
    'client-request-id': 'REDACTED'
    'User-Agent': 'azsdk-python-batch/14.0.0b Python/3.8.10 (Windows-10-10.0.22621-SP0)'
    'ocp-date': 'REDACTED'
    'Authorization': 'REDACTED'
No body was attached to the request
INFO     azure.core.pipeline.policies.http_logging_policy:_universal.py:550 Response status: 204
Response headers:
    'Content-Length': '0'
    'Date': 'Thu, 07 Sep 2023 06:53:51 GMT'
    'Server': 'Microsoft-HTTPAPI/2.0'
    'Etag': '0x8DBAF6F31F24E21'
    'Last-Modified': 'Thu, 07 Sep 2023 06:53:51 GMT'
    'DataServiceId': 'REDACTED'
    'DataServiceVersion': 'REDACTED'
    'Request-Id': 'e287cadb-71bb-40e9-a8e6-5491481c1d8e'
    'Strict-Transport-Security': 'REDACTED'
    'X-Content-Type-Options': 'REDACTED'
INFO     azure.core.pipeline.policies.http_logging_policy:_universal.py:514 Request URL: 'https://batch71d31cdf.eastasia.batch.azure.com/jobs/batch71d31cdf/tasks/batch_task6_71d31cdf?api-version=REDACTED'
Request method: 'GET'
Request headers:
    'Accept': 'application/json'
    'client-request-id': 'REDACTED'
    'User-Agent': 'azsdk-python-batch/14.0.0b Python/3.8.10 (Windows-10-10.0.22621-SP0)'
    'ocp-date': 'REDACTED'
    'Authorization': 'REDACTED'
No body was attached to the request
INFO     azure.core.pipeline.policies.http_logging_policy:_universal.py:550 Response status: 200
Response headers:
    'Content-Type': 'application/json; odata=minimalmetadata'
    'Date': 'Thu, 07 Sep 2023 06:53:51 GMT'
    'Server': 'Microsoft-HTTPAPI/2.0'
    'Etag': '0x8DBAF6F31F24E21'
    'Last-Modified': 'Thu, 07 Sep 2023 06:53:51 GMT'
    'Transfer-Encoding': 'chunked'
    'DataServiceVersion': 'REDACTED'
    'Request-Id': '3b1ca9fe-6c7c-482d-872a-20f14d5adfd5'
    'Strict-Transport-Security': 'REDACTED'
    'X-Content-Type-Options': 'REDACTED'
INFO     azure.core.pipeline.policies.http_logging_policy:_universal.py:514 Request URL: 'https://batch71d31cdf.eastasia.batch.azure.com/jobs/batch71d31cdf/tasks/batch_task6_71d31cdf/reactivate?api-version=REDACTED'
Request method: 'POST'
Request headers:
    'client-request-id': 'REDACTED'
    'User-Agent': 'azsdk-python-batch/14.0.0b Python/3.8.10 (Windows-10-10.0.22621-SP0)'
    'ocp-date': 'REDACTED'
    'Authorization': 'REDACTED'
No body was attached to the request
INFO     azure.core.pipeline.policies.http_logging_policy:_universal.py:550 Response status: 204
Response headers:
    'Content-Length': '0'
    'Date': 'Thu, 07 Sep 2023 06:53:51 GMT'
    'Server': 'Microsoft-HTTPAPI/2.0'
    'Etag': '0x8DBAF6F322087C9'
    'Last-Modified': 'Thu, 07 Sep 2023 06:53:52 GMT'
    'DataServiceVersion': 'REDACTED'
    'Request-Id': 'a0b3f9ca-7734-4d9f-ab07-db2416c882b1'
    'Strict-Transport-Security': 'REDACTED'
    'X-Content-Type-Options': 'REDACTED'
INFO     azure.core.pipeline.policies.http_logging_policy:_universal.py:514 Request URL: 'https://batch71d31cdf.eastasia.batch.azure.com/jobs/batch71d31cdf/tasks/batch_task6_71d31cdf?api-version=REDACTED'
Request method: 'GET'
Request headers:
    'Accept': 'application/json'
    'client-request-id': 'REDACTED'
    'User-Agent': 'azsdk-python-batch/14.0.0b Python/3.8.10 (Windows-10-10.0.22621-SP0)'
    'ocp-date': 'REDACTED'
    'Authorization': 'REDACTED'
No body was attached to the request
INFO     azure.core.pipeline.policies.http_logging_policy:_universal.py:550 Response status: 200
Response headers:
    'Content-Type': 'application/json; odata=minimalmetadata'
    'Date': 'Thu, 07 Sep 2023 06:53:51 GMT'
    'Server': 'Microsoft-HTTPAPI/2.0'
    'Etag': '0x8DBAF6F322087C9'
    'Last-Modified': 'Thu, 07 Sep 2023 06:53:52 GMT'
    'Transfer-Encoding': 'chunked'
    'DataServiceVersion': 'REDACTED'
    'Request-Id': '45c8aa29-33c2-4de8-8e72-aa631e0151c1'
    'Strict-Transport-Security': 'REDACTED'
    'X-Content-Type-Options': 'REDACTED'
INFO     azure.core.pipeline.policies.http_logging_policy:_universal.py:511 Request URL: 'https://batch71d31cdf.eastasia.batch.azure.com/jobs/batch71d31cdf/tasks/batch_task6_71d31cdf?api-version=REDACTED'
Request method: 'PUT'
Request headers:
    'content-type': 'application/json; odata=minimalmetadata'
    'Content-Length': '41'
    'client-request-id': 'REDACTED'
    'User-Agent': 'azsdk-python-batch/14.0.0b Python/3.8.10 (Windows-10-10.0.22621-SP0)'
    'ocp-date': 'REDACTED'
    'Authorization': 'REDACTED'
A body is sent with the request
INFO     azure.core.pipeline.policies.http_logging_policy:_universal.py:550 Response status: 200
Response headers:
    'Content-Length': '0'
    'Date': 'Thu, 07 Sep 2023 06:53:51 GMT'
    'Server': 'Microsoft-HTTPAPI/2.0'
    'Etag': '0x8DBAF6F324AF37E'
    'Last-Modified': 'Thu, 07 Sep 2023 06:53:52 GMT'
    'DataServiceId': 'REDACTED'
    'DataServiceVersion': 'REDACTED'
    'Request-Id': 'c7ece736-e267-4a18-8faf-f4ffa57d16e9'
    'Strict-Transport-Security': 'REDACTED'
    'X-Content-Type-Options': 'REDACTED'
INFO     azure.core.pipeline.policies.http_logging_policy:_universal.py:514 Request URL: 'https://batch71d31cdf.eastasia.batch.azure.com/jobs/batch71d31cdf/tasks/batch_task6_71d31cdf/subtasksinfo?api-version=REDACTED'
Request method: 'GET'
Request headers:
    'Accept': 'application/json'
    'client-request-id': 'REDACTED'
    'User-Agent': 'azsdk-python-batch/14.0.0b Python/3.8.10 (Windows-10-10.0.22621-SP0)'
    'ocp-date': 'REDACTED'
    'Authorization': 'REDACTED'
No body was attached to the request
INFO     azure.core.pipeline.policies.http_logging_policy:_universal.py:550 Response status: 200
Response headers:
    'Content-Type': 'application/json; odata=minimalmetadata'
    'Date': 'Thu, 07 Sep 2023 06:53:51 GMT'
    'Server': 'Microsoft-HTTPAPI/2.0'
    'Transfer-Encoding': 'chunked'
    'DataServiceVersion': 'REDACTED'
    'Request-Id': 'f8befbcd-adea-4cb2-afca-36c14fb61023'
    'Strict-Transport-Security': 'REDACTED'
    'X-Content-Type-Options': 'REDACTED'
INFO     azure.core.pipeline.policies.http_logging_policy:_universal.py:514 Request URL: 'https://batch71d31cdf.eastasia.batch.azure.com/jobs/batch71d31cdf/tasks/batch_task6_71d31cdf?api-version=REDACTED'
Request method: 'DELETE'
Request headers:
    'client-request-id': 'REDACTED'
    'User-Agent': 'azsdk-python-batch/14.0.0b Python/3.8.10 (Windows-10-10.0.22621-SP0)'
    'ocp-date': 'REDACTED'
    'Authorization': 'REDACTED'
No body was attached to the request
INFO     azure.core.pipeline.policies.http_logging_policy:_universal.py:550 Response status: 200
Response headers:
    'Content-Length': '0'
    'Date': 'Thu, 07 Sep 2023 06:53:51 GMT'
    'Server': 'Microsoft-HTTPAPI/2.0'
    'DataServiceVersion': 'REDACTED'
    'Request-Id': 'e0fd5eb4-0253-49e7-b3f9-f833f1fc2d3a'
    'Strict-Transport-Security': 'REDACTED'
    'X-Content-Type-Options': 'REDACTED'
INFO     azure.core.pipeline.policies.http_logging_policy:_universal.py:511 Request URL: 'https://batch71d31cdf.eastasia.batch.azure.com/jobs/batch71d31cdf/addtaskcollection?api-version=REDACTED'
Request method: 'POST'
Request headers:
    'content-type': 'application/json; odata=minimalmetadata'
    'Content-Length': '1177854'
    'Accept': 'application/json'
    'client-request-id': 'REDACTED'
    'User-Agent': 'azsdk-python-batch/14.0.0b Python/3.8.10 (Windows-10-10.0.22621-SP0)'
    'ocp-date': 'REDACTED'
    'Authorization': 'REDACTED'
A body is sent with the request
INFO     azure.core.pipeline.policies.http_logging_policy:_universal.py:550 Response status: 413
Response headers:
    'Content-Length': '413'
    'Content-Type': 'application/json; odata=minimalmetadata'
    'Date': 'Thu, 07 Sep 2023 06:53:52 GMT'
    'Server': 'Microsoft-HTTPAPI/2.0'
    'DataServiceVersion': 'REDACTED'
    'Request-Id': '4da6e047-812b-4f9a-8b42-105d2cd23013'
    'Strict-Transport-Security': 'REDACTED'
    'X-Content-Type-Options': 'REDACTED'
ERROR    azure.batch.aio._operations._patch:_patch.py:493 Failed to add task with ID mytask due to the body exceeding the maximum request size
INFO     azure.core.pipeline.policies.http_logging_policy:_universal.py:511 Request URL: 'https://batch71d31cdf.eastasia.batch.azure.com/jobs/batch71d31cdf/addtaskcollection?api-version=REDACTED'
Request method: 'POST'
Request headers:
    'content-type': 'application/json; odata=minimalmetadata'
    'Content-Length': '1177854'
    'Accept': 'application/json'
    'client-request-id': 'REDACTED'
    'User-Agent': 'azsdk-python-batch/14.0.0b Python/3.8.10 (Windows-10-10.0.22621-SP0)'
    'ocp-date': 'REDACTED'
    'Authorization': 'REDACTED'
A body is sent with the request
INFO     azure.core.pipeline.policies.http_logging_policy:_universal.py:550 Response status: 413
Response headers:
    'Content-Length': '413'
    'Content-Type': 'application/json; odata=minimalmetadata'
    'Date': 'Thu, 07 Sep 2023 06:53:57 GMT'
    'Server': 'Microsoft-HTTPAPI/2.0'
    'DataServiceVersion': 'REDACTED'
    'Request-Id': '42cda791-3298-4605-88ff-dcacbaab8382'
    'Strict-Transport-Security': 'REDACTED'
    'X-Content-Type-Options': 'REDACTED'
ERROR    azure.batch.aio._operations._patch:_patch.py:493 Failed to add task with ID mytask due to the body exceeding the maximum request size
INFO     azure.core.pipeline.policies.http_logging_policy:_universal.py:511 Request URL: 'https://batch71d31cdf.eastasia.batch.azure.com/jobs/batch71d31cdf/addtaskcollection?api-version=REDACTED'
Request method: 'POST'
Request headers:
    'content-type': 'application/json; odata=minimalmetadata'
    'Content-Length': '1144611'
    'Accept': 'application/json'
    'client-request-id': 'REDACTED'
    'User-Agent': 'azsdk-python-batch/14.0.0b Python/3.8.10 (Windows-10-10.0.22621-SP0)'
    'ocp-date': 'REDACTED'
    'Authorization': 'REDACTED'
A body is sent with the request
INFO     azure.core.pipeline.policies.http_logging_policy:_universal.py:511 Request URL: 'https://batch71d31cdf.eastasia.batch.azure.com/jobs/batch71d31cdf/addtaskcollection?api-version=REDACTED'
Request method: 'POST'
Request headers:
    'content-type': 'application/json; odata=minimalmetadata'
    'Content-Length': '1144611'
    'Accept': 'application/json'
    'client-request-id': 'REDACTED'
    'User-Agent': 'azsdk-python-batch/14.0.0b Python/3.8.10 (Windows-10-10.0.22621-SP0)'
    'ocp-date': 'REDACTED'
    'Authorization': 'REDACTED'
A body is sent with the request
INFO     azure.core.pipeline.policies.http_logging_policy:_universal.py:511 Request URL: 'https://batch71d31cdf.eastasia.batch.azure.com/jobs/batch71d31cdf/addtaskcollection?api-version=REDACTED'
Request method: 'POST'
Request headers:
    'content-type': 'application/json; odata=minimalmetadata'
    'Content-Length': '1144611'
    'Accept': 'application/json'
    'client-request-id': 'REDACTED'
    'User-Agent': 'azsdk-python-batch/14.0.0b Python/3.8.10 (Windows-10-10.0.22621-SP0)'
    'ocp-date': 'REDACTED'
    'Authorization': 'REDACTED'
A body is sent with the request
INFO     azure.core.pipeline.policies.http_logging_policy:_universal.py:550 Response status: 413
Response headers:
    'Content-Length': '413'
    'Content-Type': 'application/json; odata=minimalmetadata'
    'Date': 'Thu, 07 Sep 2023 06:54:05 GMT'
    'Server': 'Microsoft-HTTPAPI/2.0'
    'DataServiceVersion': 'REDACTED'
    'Request-Id': 'd90f6288-2515-427a-afd0-f68bd43682fe'
    'Strict-Transport-Security': 'REDACTED'
    'X-Content-Type-Options': 'REDACTED'
INFO     azure.batch.aio._operations._patch:_patch.py:504 Amount of tasks per request reduced from 100 to 50 due to the request body being too large
INFO     azure.core.pipeline.policies.http_logging_policy:_universal.py:511 Request URL: 'https://batch71d31cdf.eastasia.batch.azure.com/jobs/batch71d31cdf/addtaskcollection?api-version=REDACTED'
Request method: 'POST'
Request headers:
    'content-type': 'application/json; odata=minimalmetadata'
    'Content-Length': '572311'
    'Accept': 'application/json'
    'client-request-id': 'REDACTED'
    'User-Agent': 'azsdk-python-batch/14.0.0b Python/3.8.10 (Windows-10-10.0.22621-SP0)'
    'ocp-date': 'REDACTED'
    'Authorization': 'REDACTED'
A body is sent with the request
INFO     azure.core.pipeline.policies.http_logging_policy:_universal.py:550 Response status: 404
Response headers:
    'Content-Type': 'application/json;'
    'Date': 'Mon, 09 Oct 2023 07:03:33 GMT'
    'Server': 'Kestrel'
    'Transfer-Encoding': 'chunked'
    'x-request-mismatch': 'REDACTED'
    'x-request-mismatch-error': 'REDACTED'
INFO     azure.core.pipeline.policies.http_logging_policy:_universal.py:550 Response status: 404
Response headers:
    'Content-Type': 'application/json;'
    'Date': 'Mon, 09 Oct 2023 07:03:33 GMT'
    'Server': 'Kestrel'
    'Transfer-Encoding': 'chunked'
    'x-request-mismatch': 'REDACTED'
    'x-request-mismatch-error': 'REDACTED'
INFO     azure.core.pipeline.policies.http_logging_policy:_universal.py:550 Response status: 200
Response headers:
    'Content-Type': 'application/json; odata=minimalmetadata'
    'Date': 'Thu, 07 Sep 2023 06:54:13 GMT'
    'Server': 'Microsoft-HTTPAPI/2.0'
    'Transfer-Encoding': 'chunked'
    'DataServiceVersion': 'REDACTED'
    'Request-Id': '7386f1e3-340b-46df-8472-1babfb8d248e'
    'Strict-Transport-Security': 'REDACTED'
    'X-Content-Type-Options': 'REDACTED'
DEBUG    urllib3.connectionpool:connectionpool.py:1003 Starting new HTTPS connection (1): localhost:5001
DEBUG    urllib3.connectionpool:connectionpool.py:456 https://localhost:5001 "POST /playback/stop HTTP/1.1" 200 0
---------------------------- Captured log teardown ----------------------------
INFO     root:proxy_startup.py:334 Stopping the test proxy tool...
DEBUG    azure_devtools.scenario_tests.preparers:preparers.py:227 Perform all delayed resource removal.
=========================== short test summary info ===========================
FAILED tests\test_batch.py::TestBatch::test_batch_tasks - azure.batch.models....
============================= 1 failed in 21.47s ==============================
