============================= test session starts =============================
platform win32 -- Python 3.8.10, pytest-7.4.0, pluggy-1.2.0
rootdir: C:\Users\hoppe\work\sandbox\azure-sdk-for-python
configfile: setup.cfg
plugins: asyncio-0.21.1, cov-4.1.0
asyncio: mode=strict
collected 1 item

tests\test_batch.py::TestBatch::test_batch_tasks 
------------------------------- live log setup --------------------------------
DEBUG    urllib3.connectionpool:connectionpool.py:1003 Starting new HTTPS connection (1): localhost:5001
DEBUG    urllib3.util.retry:retry.py:594 Incremented Retry for (url='/Info/Available'): Retry(total=2, connect=None, read=None, redirect=None, status=None)
WARNING  urllib3.connectionpool:connectionpool.py:812 Retrying (Retry(total=2, connect=None, read=None, redirect=None, status=None)) after connection broken by 'NewConnectionError('<urllib3.connection.HTTPSConnection object at 0x000001C7A0BBF2B0>: Failed to establish a new connection: [WinError 10061] No connection could be made because the target machine actively refused it')': /Info/Available
DEBUG    urllib3.connectionpool:connectionpool.py:1003 Starting new HTTPS connection (2): localhost:5001
DEBUG    urllib3.util.retry:retry.py:594 Incremented Retry for (url='/Info/Available'): Retry(total=1, connect=None, read=None, redirect=None, status=None)
WARNING  urllib3.connectionpool:connectionpool.py:812 Retrying (Retry(total=1, connect=None, read=None, redirect=None, status=None)) after connection broken by 'NewConnectionError('<urllib3.connection.HTTPSConnection object at 0x000001C7A0BABF40>: Failed to establish a new connection: [WinError 10061] No connection could be made because the target machine actively refused it')': /Info/Available
DEBUG    urllib3.connectionpool:connectionpool.py:1003 Starting new HTTPS connection (3): localhost:5001
DEBUG    urllib3.util.retry:retry.py:594 Incremented Retry for (url='/Info/Available'): Retry(total=0, connect=None, read=None, redirect=None, status=None)
WARNING  urllib3.connectionpool:connectionpool.py:812 Retrying (Retry(total=0, connect=None, read=None, redirect=None, status=None)) after connection broken by 'NewConnectionError('<urllib3.connection.HTTPSConnection object at 0x000001C7A0BAB8E0>: Failed to establish a new connection: [WinError 10061] No connection could be made because the target machine actively refused it')': /Info/Available
DEBUG    urllib3.connectionpool:connectionpool.py:1003 Starting new HTTPS connection (4): localhost:5001
DEBUG    root:proxy_startup.py:144 HTTPSConnectionPool(host='localhost', port=5001): Max retries exceeded with url: /Info/Available (Caused by NewConnectionError('<urllib3.connection.HTTPSConnection object at 0x000001C7A0BABC40>: Failed to establish a new connection: [WinError 10061] No connection could be made because the target machine actively refused it'))
INFO     root:proxy_startup.py:284 C:\Users\hoppe\work\sandbox\azure-sdk-for-python is calculated repo root
INFO     root:proxy_startup.py:300 Downloading and starting standalone proxy executable...
DEBUG    urllib3.connectionpool:connectionpool.py:1003 Starting new HTTPS connection (1): localhost:5001
DEBUG    urllib3.connectionpool:connectionpool.py:456 https://localhost:5001 "GET /Info/Available HTTP/1.1" 200 40693
DEBUG    urllib3.connectionpool:connectionpool.py:1003 Starting new HTTPS connection (1): localhost:5001
DEBUG    urllib3.connectionpool:connectionpool.py:456 https://localhost:5001 "POST /Admin/AddSanitizer HTTP/1.1" 200 0
DEBUG    urllib3.connectionpool:connectionpool.py:1003 Starting new HTTPS connection (1): localhost:5001
DEBUG    urllib3.connectionpool:connectionpool.py:456 https://localhost:5001 "POST /Admin/SetMatcher HTTP/1.1" 200 0
DEBUG    urllib3.connectionpool:connectionpool.py:1003 Starting new HTTPS connection (1): localhost:5001
DEBUG    urllib3.connectionpool:connectionpool.py:456 https://localhost:5001 "POST /Admin/SetMatcher HTTP/1.1" 200 0
-------------------------------- live log call --------------------------------
DEBUG    azure_devtools.scenario_tests.preparers:preparers.py:92 Entering preparer wrapper for ResourceGroupPreparer and test <test_batch.TestBatch object at 0x000001C7A0BCA340>
DEBUG    azure_devtools.scenario_tests.preparers:preparers.py:108 Child cache status for ResourceGroupPreparer: False
DEBUG    azure_devtools.scenario_tests.preparers:preparers.py:118 Aggregate cache key: ('ResourceGroupPreparer', 'resource_group', '')
DEBUG    azure_devtools.scenario_tests.preparers:preparers.py:55 Creating resource 71d31cdf for ResourceGroupPreparer
DEBUG    azure_devtools.scenario_tests.preparers:preparers.py:61 Successfully created resource 71d31cdf
DEBUG    azure_devtools.scenario_tests.preparers:preparers.py:92 Entering preparer wrapper for AccountPreparer and test <test_batch.TestBatch object at 0x000001C7A0BCA340>
DEBUG    azure_devtools.scenario_tests.preparers:preparers.py:108 Child cache status for AccountPreparer: False
DEBUG    azure_devtools.scenario_tests.preparers:preparers.py:118 Aggregate cache key: (('AccountPreparer',), ('ResourceGroupPreparer', 'resource_group', ''))
DEBUG    azure_devtools.scenario_tests.preparers:preparers.py:55 Creating resource batch71d31cdf for AccountPreparer
DEBUG    azure_devtools.scenario_tests.preparers:preparers.py:61 Successfully created resource batch71d31cdf
DEBUG    azure_devtools.scenario_tests.preparers:preparers.py:92 Entering preparer wrapper for JobPreparer and test <test_batch.TestBatch object at 0x000001C7A0BCA340>
DEBUG    azure_devtools.scenario_tests.preparers:preparers.py:108 Child cache status for JobPreparer: False
DEBUG    azure_devtools.scenario_tests.preparers:preparers.py:118 Aggregate cache key: (('JobPreparer',), (('AccountPreparer',), ('ResourceGroupPreparer', 'resource_group', '')))
DEBUG    azure_devtools.scenario_tests.preparers:preparers.py:55 Creating resource batch71d31cdf for JobPreparer
DEBUG    azure_devtools.scenario_tests.preparers:preparers.py:61 Successfully created resource batch71d31cdf
DEBUG    asyncio:selector_events.py:59 Using selector: SelectSelector
DEBUG    urllib3.connectionpool:connectionpool.py:1003 Starting new HTTPS connection (1): localhost:5001
DEBUG    urllib3.connectionpool:connectionpool.py:456 https://localhost:5001 "POST /playback/start HTTP/1.1" 200 None
INFO     azure.core.pipeline.policies.http_logging_policy:_universal.py:511 Request URL: 'https://batch71d31cdf.eastasia.batch.azure.com/jobs/batch71d31cdf/tasks?api-version=REDACTED'
Request method: 'POST'
Request headers:
    'content-type': 'application/json; odata=minimalmetadata'
    'Content-Length': '286'
    'client-request-id': 'REDACTED'
    'User-Agent': 'azsdk-python-batch/14.0.0b Python/3.8.10 (Windows-10-10.0.22621-SP0)'
    'ocp-date': 'REDACTED'
    'Authorization': 'REDACTED'
A body is sent with the request
INFO     azure.core.pipeline.policies.http_logging_policy:_universal.py:550 Response status: 201
Response headers:
    'Content-Length': '0'
    'Date': 'Thu, 07 Sep 2023 06:53:46 GMT'
    'Server': 'Microsoft-HTTPAPI/2.0'
    'Etag': '0x8DBAF6F2F67300B'
    'Last-Modified': 'Thu, 07 Sep 2023 06:53:47 GMT'
    'Location': 'REDACTED'
    'DataServiceId': 'REDACTED'
    'DataServiceVersion': 'REDACTED'
    'Request-Id': '7ef214b0-d5e1-4074-8b03-c54f5cb21089'
    'Strict-Transport-Security': 'REDACTED'
    'X-Content-Type-Options': 'REDACTED'
INFO     azure.core.pipeline.policies.http_logging_policy:_universal.py:514 Request URL: 'https://batch71d31cdf.eastasia.batch.azure.com/jobs/batch71d31cdf/tasks/batch_task1_71d31cdf?api-version=REDACTED'
Request method: 'GET'
Request headers:
    'Accept': 'application/json'
    'client-request-id': 'REDACTED'
    'User-Agent': 'azsdk-python-batch/14.0.0b Python/3.8.10 (Windows-10-10.0.22621-SP0)'
    'ocp-date': 'REDACTED'
    'Authorization': 'REDACTED'
No body was attached to the request
INFO     azure.core.pipeline.policies.http_logging_policy:_universal.py:550 Response status: 200
Response headers:
    'Content-Type': 'application/json; odata=minimalmetadata'
    'Date': 'Thu, 07 Sep 2023 06:53:47 GMT'
    'Server': 'Microsoft-HTTPAPI/2.0'
    'Etag': '0x8DBAF6F2F67300B'
    'Last-Modified': 'Thu, 07 Sep 2023 06:53:47 GMT'
    'Transfer-Encoding': 'chunked'
    'DataServiceVersion': 'REDACTED'
    'Request-Id': '4e622e1a-9e42-49f9-9786-b2d18d24595c'
    'Strict-Transport-Security': 'REDACTED'
    'X-Content-Type-Options': 'REDACTED'
INFO     azure.core.pipeline.policies.http_logging_policy:_universal.py:511 Request URL: 'https://batch71d31cdf.eastasia.batch.azure.com/jobs/batch71d31cdf/tasks?api-version=REDACTED'
Request method: 'POST'
Request headers:
    'content-type': 'application/json; odata=minimalmetadata'
    'Content-Length': '541'
    'client-request-id': 'REDACTED'
    'User-Agent': 'azsdk-python-batch/14.0.0b Python/3.8.10 (Windows-10-10.0.22621-SP0)'
    'ocp-date': 'REDACTED'
    'Authorization': 'REDACTED'
A body is sent with the request
INFO     azure.core.pipeline.policies.http_logging_policy:_universal.py:550 Response status: 201
Response headers:
    'Content-Length': '0'
    'Date': 'Thu, 07 Sep 2023 06:53:47 GMT'
    'Server': 'Microsoft-HTTPAPI/2.0'
    'Etag': '0x8DBAF6F2F9B08E9'
    'Last-Modified': 'Thu, 07 Sep 2023 06:53:47 GMT'
    'Location': 'REDACTED'
    'DataServiceId': 'REDACTED'
    'DataServiceVersion': 'REDACTED'
    'Request-Id': '4d6b15ee-61a0-4d8e-ba11-ada58582ce4a'
    'Strict-Transport-Security': 'REDACTED'
    'X-Content-Type-Options': 'REDACTED'
INFO     azure.core.pipeline.policies.http_logging_policy:_universal.py:514 Request URL: 'https://batch71d31cdf.eastasia.batch.azure.com/jobs/batch71d31cdf/tasks/batch_task2_71d31cdf?api-version=REDACTED'
Request method: 'GET'
Request headers:
    'Accept': 'application/json'
    'client-request-id': 'REDACTED'
    'User-Agent': 'azsdk-python-batch/14.0.0b Python/3.8.10 (Windows-10-10.0.22621-SP0)'
    'ocp-date': 'REDACTED'
    'Authorization': 'REDACTED'
No body was attached to the request
INFO     azure.core.pipeline.policies.http_logging_policy:_universal.py:550 Response status: 200
Response headers:
    'Content-Type': 'application/json; odata=minimalmetadata'
    'Date': 'Thu, 07 Sep 2023 06:53:47 GMT'
    'Server': 'Microsoft-HTTPAPI/2.0'
    'Etag': '0x8DBAF6F2F9B08E9'
    'Last-Modified': 'Thu, 07 Sep 2023 06:53:47 GMT'
    'Transfer-Encoding': 'chunked'
    'DataServiceVersion': 'REDACTED'
    'Request-Id': '141bf797-ab0a-4817-a845-c2dad2da5a0e'
    'Strict-Transport-Security': 'REDACTED'
    'X-Content-Type-Options': 'REDACTED'
INFO     azure.core.pipeline.policies.http_logging_policy:_universal.py:511 Request URL: 'https://batch71d31cdf.eastasia.batch.azure.com/jobs/batch71d31cdf/tasks?api-version=REDACTED'
Request method: 'POST'
Request headers:
    'content-type': 'application/json; odata=minimalmetadata'
    'Content-Length': '152'
    'client-request-id': 'REDACTED'
    'User-Agent': 'azsdk-python-batch/14.0.0b Python/3.8.10 (Windows-10-10.0.22621-SP0)'
    'ocp-date': 'REDACTED'
    'Authorization': 'REDACTED'
A body is sent with the request
INFO     azure.core.pipeline.policies.http_logging_policy:_universal.py:550 Response status: 201
Response headers:
    'Content-Length': '0'
    'Date': 'Thu, 07 Sep 2023 06:53:47 GMT'
    'Server': 'Microsoft-HTTPAPI/2.0'
    'Etag': '0x8DBAF6F2FCF365C'
    'Last-Modified': 'Thu, 07 Sep 2023 06:53:48 GMT'
    'Location': 'REDACTED'
    'DataServiceId': 'REDACTED'
    'DataServiceVersion': 'REDACTED'
    'Request-Id': 'f54e9e2d-390f-4360-a760-7d6dba4cd7b9'
    'Strict-Transport-Security': 'REDACTED'
    'X-Content-Type-Options': 'REDACTED'
INFO     azure.core.pipeline.policies.http_logging_policy:_universal.py:514 Request URL: 'https://batch71d31cdf.eastasia.batch.azure.com/jobs/batch71d31cdf/tasks/batch_task3_71d31cdf?api-version=REDACTED'
Request method: 'GET'
Request headers:
    'Accept': 'application/json'
    'client-request-id': 'REDACTED'
    'User-Agent': 'azsdk-python-batch/14.0.0b Python/3.8.10 (Windows-10-10.0.22621-SP0)'
    'ocp-date': 'REDACTED'
    'Authorization': 'REDACTED'
No body was attached to the request
INFO     azure.core.pipeline.policies.http_logging_policy:_universal.py:550 Response status: 200
Response headers:
    'Content-Type': 'application/json; odata=minimalmetadata'
    'Date': 'Thu, 07 Sep 2023 06:53:47 GMT'
    'Server': 'Microsoft-HTTPAPI/2.0'
    'Etag': '0x8DBAF6F2FCF365C'
    'Last-Modified': 'Thu, 07 Sep 2023 06:53:48 GMT'
    'Transfer-Encoding': 'chunked'
    'DataServiceVersion': 'REDACTED'
    'Request-Id': 'd16e91e5-9189-4010-99e4-5223e6c3c40d'
    'Strict-Transport-Security': 'REDACTED'
    'X-Content-Type-Options': 'REDACTED'
INFO     azure.core.pipeline.policies.http_logging_policy:_universal.py:511 Request URL: 'https://batch71d31cdf.eastasia.batch.azure.com/jobs/batch71d31cdf/tasks?api-version=REDACTED'
Request method: 'POST'
Request headers:
    'content-type': 'application/json; odata=minimalmetadata'
    'Content-Length': '128'
    'client-request-id': 'REDACTED'
    'User-Agent': 'azsdk-python-batch/14.0.0b Python/3.8.10 (Windows-10-10.0.22621-SP0)'
    'ocp-date': 'REDACTED'
    'Authorization': 'REDACTED'
A body is sent with the request
INFO     azure.core.pipeline.policies.http_logging_policy:_universal.py:550 Response status: 201
Response headers:
    'Content-Length': '0'
    'Date': 'Thu, 07 Sep 2023 06:53:47 GMT'
    'Server': 'Microsoft-HTTPAPI/2.0'
    'Etag': '0x8DBAF6F2FF8425D'
    'Last-Modified': 'Thu, 07 Sep 2023 06:53:48 GMT'
    'Location': 'REDACTED'
    'DataServiceId': 'REDACTED'
    'DataServiceVersion': 'REDACTED'
    'Request-Id': '5e17e16c-cd90-4533-86ed-0879042f406d'
    'Strict-Transport-Security': 'REDACTED'
    'X-Content-Type-Options': 'REDACTED'
INFO     azure.core.pipeline.policies.http_logging_policy:_universal.py:514 Request URL: 'https://batch71d31cdf.eastasia.batch.azure.com/jobs/batch71d31cdf/tasks/batch_task4_71d31cdf?api-version=REDACTED'
Request method: 'GET'
Request headers:
    'Accept': 'application/json'
    'client-request-id': 'REDACTED'
    'User-Agent': 'azsdk-python-batch/14.0.0b Python/3.8.10 (Windows-10-10.0.22621-SP0)'
    'ocp-date': 'REDACTED'
    'Authorization': 'REDACTED'
No body was attached to the request
INFO     azure.core.pipeline.policies.http_logging_policy:_universal.py:550 Response status: 200
Response headers:
    'Content-Type': 'application/json; odata=minimalmetadata'
    'Date': 'Thu, 07 Sep 2023 06:53:47 GMT'
    'Server': 'Microsoft-HTTPAPI/2.0'
    'Etag': '0x8DBAF6F2FF8425D'
    'Last-Modified': 'Thu, 07 Sep 2023 06:53:48 GMT'
    'Transfer-Encoding': 'chunked'
    'DataServiceVersion': 'REDACTED'
    'Request-Id': 'ed365183-2e27-4026-b4f1-c8abd6d77236'
    'Strict-Transport-Security': 'REDACTED'
    'X-Content-Type-Options': 'REDACTED'
INFO     azure.core.pipeline.policies.http_logging_policy:_universal.py:511 Request URL: 'https://batch71d31cdf.eastasia.batch.azure.com/jobs/batch71d31cdf/tasks?api-version=REDACTED'
Request method: 'POST'
Request headers:
    'content-type': 'application/json; odata=minimalmetadata'
    'Content-Length': '202'
    'client-request-id': 'REDACTED'
    'User-Agent': 'azsdk-python-batch/14.0.0b Python/3.8.10 (Windows-10-10.0.22621-SP0)'
    'ocp-date': 'REDACTED'
    'Authorization': 'REDACTED'
A body is sent with the request
INFO     azure.core.pipeline.policies.http_logging_policy:_universal.py:550 Response status: 201
Response headers:
    'Content-Length': '0'
    'Date': 'Thu, 07 Sep 2023 06:53:48 GMT'
    'Server': 'Microsoft-HTTPAPI/2.0'
    'Etag': '0x8DBAF6F302201D4'
    'Last-Modified': 'Thu, 07 Sep 2023 06:53:48 GMT'
    'Location': 'REDACTED'
    'DataServiceId': 'REDACTED'
    'DataServiceVersion': 'REDACTED'
    'Request-Id': '2ed27751-fa39-49ca-aaf8-add8d6c24410'
    'Strict-Transport-Security': 'REDACTED'
    'X-Content-Type-Options': 'REDACTED'
INFO     azure.core.pipeline.policies.http_logging_policy:_universal.py:514 Request URL: 'https://batch71d31cdf.eastasia.batch.azure.com/jobs/batch71d31cdf/tasks/batch_task5_71d31cdf?api-version=REDACTED'
Request method: 'GET'
Request headers:
    'Accept': 'application/json'
    'client-request-id': 'REDACTED'
    'User-Agent': 'azsdk-python-batch/14.0.0b Python/3.8.10 (Windows-10-10.0.22621-SP0)'
    'ocp-date': 'REDACTED'
    'Authorization': 'REDACTED'
No body was attached to the request
INFO     azure.core.pipeline.policies.http_logging_policy:_universal.py:550 Response status: 200
Response headers:
    'Content-Type': 'application/json; odata=minimalmetadata'
    'Date': 'Thu, 07 Sep 2023 06:53:48 GMT'
    'Server': 'Microsoft-HTTPAPI/2.0'
    'Etag': '0x8DBAF6F302201D4'
    'Last-Modified': 'Thu, 07 Sep 2023 06:53:48 GMT'
    'Transfer-Encoding': 'chunked'
    'DataServiceVersion': 'REDACTED'
    'Request-Id': 'f8a512f5-a798-49b6-b325-ca20ccc147ca'
    'Strict-Transport-Security': 'REDACTED'
    'X-Content-Type-Options': 'REDACTED'
INFO     azure.core.pipeline.policies.http_logging_policy:_universal.py:511 Request URL: 'https://batch71d31cdf.eastasia.batch.azure.com/jobs/batch71d31cdf/tasks?api-version=REDACTED'
Request method: 'POST'
Request headers:
    'content-type': 'application/json; odata=minimalmetadata'
    'Content-Length': '119'
    'client-request-id': 'REDACTED'
    'User-Agent': 'azsdk-python-batch/14.0.0b Python/3.8.10 (Windows-10-10.0.22621-SP0)'
    'ocp-date': 'REDACTED'
    'Authorization': 'REDACTED'
A body is sent with the request
INFO     azure.core.pipeline.policies.http_logging_policy:_universal.py:550 Response status: 201
Response headers:
    'Content-Length': '0'
    'Date': 'Thu, 07 Sep 2023 06:53:48 GMT'
    'Server': 'Microsoft-HTTPAPI/2.0'
    'Etag': '0x8DBAF6F304A8109'
    'Last-Modified': 'Thu, 07 Sep 2023 06:53:48 GMT'
    'Location': 'REDACTED'
    'DataServiceId': 'REDACTED'
    'DataServiceVersion': 'REDACTED'
    'Request-Id': '982e750c-3440-4a1f-95bb-a8546b8c71a5'
    'Strict-Transport-Security': 'REDACTED'
    'X-Content-Type-Options': 'REDACTED'
INFO     azure.core.pipeline.policies.http_logging_policy:_universal.py:514 Request URL: 'https://batch71d31cdf.eastasia.batch.azure.com/jobs/batch71d31cdf/tasks/batch_task6_71d31cdf?api-version=REDACTED'
Request method: 'GET'
Request headers:
    'Accept': 'application/json'
    'client-request-id': 'REDACTED'
    'User-Agent': 'azsdk-python-batch/14.0.0b Python/3.8.10 (Windows-10-10.0.22621-SP0)'
    'ocp-date': 'REDACTED'
    'Authorization': 'REDACTED'
No body was attached to the request
INFO     azure.core.pipeline.policies.http_logging_policy:_universal.py:550 Response status: 200
Response headers:
    'Content-Type': 'application/json; odata=minimalmetadata'
    'Date': 'Thu, 07 Sep 2023 06:53:48 GMT'
    'Server': 'Microsoft-HTTPAPI/2.0'
    'Etag': '0x8DBAF6F304A8109'
    'Last-Modified': 'Thu, 07 Sep 2023 06:53:48 GMT'
    'Transfer-Encoding': 'chunked'
    'DataServiceVersion': 'REDACTED'
    'Request-Id': 'c274659c-373c-4734-84e7-efff8368fe8f'
    'Strict-Transport-Security': 'REDACTED'
    'X-Content-Type-Options': 'REDACTED'
INFO     azure.core.pipeline.policies.http_logging_policy:_universal.py:511 Request URL: 'https://batch71d31cdf.eastasia.batch.azure.com/jobs/batch71d31cdf/addtaskcollection?api-version=REDACTED'
Request method: 'POST'
Request headers:
    'content-type': 'application/json; odata=minimalmetadata'
    'Content-Length': '245'
    'Accept': 'application/json'
    'client-request-id': 'REDACTED'
    'User-Agent': 'azsdk-python-batch/14.0.0b Python/3.8.10 (Windows-10-10.0.22621-SP0)'
    'ocp-date': 'REDACTED'
    'Authorization': 'REDACTED'
A body is sent with the request
INFO     azure.core.pipeline.policies.http_logging_policy:_universal.py:550 Response status: 200
Response headers:
    'Content-Type': 'application/json; odata=minimalmetadata'
    'Date': 'Thu, 07 Sep 2023 06:53:48 GMT'
    'Server': 'Microsoft-HTTPAPI/2.0'
    'Transfer-Encoding': 'chunked'
    'DataServiceVersion': 'REDACTED'
    'Request-Id': '82e98861-91cb-4a0b-9b31-ef286d177a0c'
    'Strict-Transport-Security': 'REDACTED'
    'X-Content-Type-Options': 'REDACTED'
INFO     azure.core.pipeline.policies.http_logging_policy:_universal.py:514 Request URL: 'https://batch71d31cdf.eastasia.batch.azure.com/jobs/batch71d31cdf/tasks?api-version=REDACTED'
Request method: 'GET'
Request headers:
    'Accept': 'application/json'
    'client-request-id': 'REDACTED'
    'User-Agent': 'azsdk-python-batch/14.0.0b Python/3.8.10 (Windows-10-10.0.22621-SP0)'
    'ocp-date': 'REDACTED'
    'Authorization': 'REDACTED'
No body was attached to the request
INFO     azure.core.pipeline.policies.http_logging_policy:_universal.py:550 Response status: 200
Response headers:
    'Content-Type': 'application/json; odata=minimalmetadata'
    'Date': 'Thu, 07 Sep 2023 06:53:48 GMT'
    'Server': 'Microsoft-HTTPAPI/2.0'
    'Transfer-Encoding': 'chunked'
    'DataServiceVersion': 'REDACTED'
    'Request-Id': 'fa1a52c3-53fc-4153-8d2f-1a66a6a4ef37'
    'Strict-Transport-Security': 'REDACTED'
    'X-Content-Type-Options': 'REDACTED'
INFO     azure.core.pipeline.policies.http_logging_policy:_universal.py:514 Request URL: 'https://batch71d31cdf.eastasia.batch.azure.com/jobs/batch71d31cdf/taskcounts?api-version=REDACTED'
Request method: 'GET'
Request headers:
    'Accept': 'application/json'
    'client-request-id': 'REDACTED'
    'User-Agent': 'azsdk-python-batch/14.0.0b Python/3.8.10 (Windows-10-10.0.22621-SP0)'
    'ocp-date': 'REDACTED'
    'Authorization': 'REDACTED'
No body was attached to the request
INFO     azure.core.pipeline.policies.http_logging_policy:_universal.py:550 Response status: 200
Response headers:
    'Content-Type': 'application/json; odata=minimalmetadata'
    'Date': 'Thu, 07 Sep 2023 06:53:51 GMT'
    'Server': 'Microsoft-HTTPAPI/2.0'
    'Transfer-Encoding': 'chunked'
    'DataServiceVersion': 'REDACTED'
    'Request-Id': 'cbbc9d0b-420d-4d62-8752-73bf0e1051ea'
    'Strict-Transport-Security': 'REDACTED'
    'X-Content-Type-Options': 'REDACTED'
INFO     azure.core.pipeline.policies.http_logging_policy:_universal.py:514 Request URL: 'https://batch71d31cdf.eastasia.batch.azure.com/jobs/batch71d31cdf/tasks/batch_task6_71d31cdf/terminate?api-version=REDACTED'
Request method: 'POST'
Request headers:
    'client-request-id': 'REDACTED'
    'User-Agent': 'azsdk-python-batch/14.0.0b Python/3.8.10 (Windows-10-10.0.22621-SP0)'
    'ocp-date': 'REDACTED'
    'Authorization': 'REDACTED'
No body was attached to the request
INFO     azure.core.pipeline.policies.http_logging_policy:_universal.py:550 Response status: 204
Response headers:
    'Content-Length': '0'
    'Date': 'Thu, 07 Sep 2023 06:53:51 GMT'
    'Server': 'Microsoft-HTTPAPI/2.0'
    'Etag': '0x8DBAF6F31F24E21'
    'Last-Modified': 'Thu, 07 Sep 2023 06:53:51 GMT'
    'DataServiceId': 'REDACTED'
    'DataServiceVersion': 'REDACTED'
    'Request-Id': 'e287cadb-71bb-40e9-a8e6-5491481c1d8e'
    'Strict-Transport-Security': 'REDACTED'
    'X-Content-Type-Options': 'REDACTED'
INFO     azure.core.pipeline.policies.http_logging_policy:_universal.py:514 Request URL: 'https://batch71d31cdf.eastasia.batch.azure.com/jobs/batch71d31cdf/tasks/batch_task6_71d31cdf?api-version=REDACTED'
Request method: 'GET'
Request headers:
    'Accept': 'application/json'
    'client-request-id': 'REDACTED'
    'User-Agent': 'azsdk-python-batch/14.0.0b Python/3.8.10 (Windows-10-10.0.22621-SP0)'
    'ocp-date': 'REDACTED'
    'Authorization': 'REDACTED'
No body was attached to the request
INFO     azure.core.pipeline.policies.http_logging_policy:_universal.py:550 Response status: 200
Response headers:
    'Content-Type': 'application/json; odata=minimalmetadata'
    'Date': 'Thu, 07 Sep 2023 06:53:51 GMT'
    'Server': 'Microsoft-HTTPAPI/2.0'
    'Etag': '0x8DBAF6F31F24E21'
    'Last-Modified': 'Thu, 07 Sep 2023 06:53:51 GMT'
    'Transfer-Encoding': 'chunked'
    'DataServiceVersion': 'REDACTED'
    'Request-Id': '3b1ca9fe-6c7c-482d-872a-20f14d5adfd5'
    'Strict-Transport-Security': 'REDACTED'
    'X-Content-Type-Options': 'REDACTED'
INFO     azure.core.pipeline.policies.http_logging_policy:_universal.py:514 Request URL: 'https://batch71d31cdf.eastasia.batch.azure.com/jobs/batch71d31cdf/tasks/batch_task6_71d31cdf/reactivate?api-version=REDACTED'
Request method: 'POST'
Request headers:
    'client-request-id': 'REDACTED'
    'User-Agent': 'azsdk-python-batch/14.0.0b Python/3.8.10 (Windows-10-10.0.22621-SP0)'
    'ocp-date': 'REDACTED'
    'Authorization': 'REDACTED'
No body was attached to the request
INFO     azure.core.pipeline.policies.http_logging_policy:_universal.py:550 Response status: 204
Response headers:
    'Content-Length': '0'
    'Date': 'Thu, 07 Sep 2023 06:53:51 GMT'
    'Server': 'Microsoft-HTTPAPI/2.0'
    'Etag': '0x8DBAF6F322087C9'
    'Last-Modified': 'Thu, 07 Sep 2023 06:53:52 GMT'
    'DataServiceVersion': 'REDACTED'
    'Request-Id': 'a0b3f9ca-7734-4d9f-ab07-db2416c882b1'
    'Strict-Transport-Security': 'REDACTED'
    'X-Content-Type-Options': 'REDACTED'
INFO     azure.core.pipeline.policies.http_logging_policy:_universal.py:514 Request URL: 'https://batch71d31cdf.eastasia.batch.azure.com/jobs/batch71d31cdf/tasks/batch_task6_71d31cdf?api-version=REDACTED'
Request method: 'GET'
Request headers:
    'Accept': 'application/json'
    'client-request-id': 'REDACTED'
    'User-Agent': 'azsdk-python-batch/14.0.0b Python/3.8.10 (Windows-10-10.0.22621-SP0)'
    'ocp-date': 'REDACTED'
    'Authorization': 'REDACTED'
No body was attached to the request
INFO     azure.core.pipeline.policies.http_logging_policy:_universal.py:550 Response status: 200
Response headers:
    'Content-Type': 'application/json; odata=minimalmetadata'
    'Date': 'Thu, 07 Sep 2023 06:53:51 GMT'
    'Server': 'Microsoft-HTTPAPI/2.0'
    'Etag': '0x8DBAF6F322087C9'
    'Last-Modified': 'Thu, 07 Sep 2023 06:53:52 GMT'
    'Transfer-Encoding': 'chunked'
    'DataServiceVersion': 'REDACTED'
    'Request-Id': '45c8aa29-33c2-4de8-8e72-aa631e0151c1'
    'Strict-Transport-Security': 'REDACTED'
    'X-Content-Type-Options': 'REDACTED'
INFO     azure.core.pipeline.policies.http_logging_policy:_universal.py:511 Request URL: 'https://batch71d31cdf.eastasia.batch.azure.com/jobs/batch71d31cdf/tasks/batch_task6_71d31cdf?api-version=REDACTED'
Request method: 'PUT'
Request headers:
    'content-type': 'application/json; odata=minimalmetadata'
    'Content-Length': '41'
    'client-request-id': 'REDACTED'
    'User-Agent': 'azsdk-python-batch/14.0.0b Python/3.8.10 (Windows-10-10.0.22621-SP0)'
    'ocp-date': 'REDACTED'
    'Authorization': 'REDACTED'
A body is sent with the request
INFO     azure.core.pipeline.policies.http_logging_policy:_universal.py:550 Response status: 200
Response headers:
    'Content-Length': '0'
    'Date': 'Thu, 07 Sep 2023 06:53:51 GMT'
    'Server': 'Microsoft-HTTPAPI/2.0'
    'Etag': '0x8DBAF6F324AF37E'
    'Last-Modified': 'Thu, 07 Sep 2023 06:53:52 GMT'
    'DataServiceId': 'REDACTED'
    'DataServiceVersion': 'REDACTED'
    'Request-Id': 'c7ece736-e267-4a18-8faf-f4ffa57d16e9'
    'Strict-Transport-Security': 'REDACTED'
    'X-Content-Type-Options': 'REDACTED'
INFO     azure.core.pipeline.policies.http_logging_policy:_universal.py:514 Request URL: 'https://batch71d31cdf.eastasia.batch.azure.com/jobs/batch71d31cdf/tasks/batch_task6_71d31cdf/subtasksinfo?api-version=REDACTED'
Request method: 'GET'
Request headers:
    'Accept': 'application/json'
    'client-request-id': 'REDACTED'
    'User-Agent': 'azsdk-python-batch/14.0.0b Python/3.8.10 (Windows-10-10.0.22621-SP0)'
    'ocp-date': 'REDACTED'
    'Authorization': 'REDACTED'
No body was attached to the request
INFO     azure.core.pipeline.policies.http_logging_policy:_universal.py:550 Response status: 200
Response headers:
    'Content-Type': 'application/json; odata=minimalmetadata'
    'Date': 'Thu, 07 Sep 2023 06:53:51 GMT'
    'Server': 'Microsoft-HTTPAPI/2.0'
    'Transfer-Encoding': 'chunked'
    'DataServiceVersion': 'REDACTED'
    'Request-Id': 'f8befbcd-adea-4cb2-afca-36c14fb61023'
    'Strict-Transport-Security': 'REDACTED'
    'X-Content-Type-Options': 'REDACTED'
INFO     azure.core.pipeline.policies.http_logging_policy:_universal.py:514 Request URL: 'https://batch71d31cdf.eastasia.batch.azure.com/jobs/batch71d31cdf/tasks/batch_task6_71d31cdf?api-version=REDACTED'
Request method: 'DELETE'
Request headers:
    'client-request-id': 'REDACTED'
    'User-Agent': 'azsdk-python-batch/14.0.0b Python/3.8.10 (Windows-10-10.0.22621-SP0)'
    'ocp-date': 'REDACTED'
    'Authorization': 'REDACTED'
No body was attached to the request
INFO     azure.core.pipeline.policies.http_logging_policy:_universal.py:550 Response status: 200
Response headers:
    'Content-Length': '0'
    'Date': 'Thu, 07 Sep 2023 06:53:51 GMT'
    'Server': 'Microsoft-HTTPAPI/2.0'
    'DataServiceVersion': 'REDACTED'
    'Request-Id': 'e0fd5eb4-0253-49e7-b3f9-f833f1fc2d3a'
    'Strict-Transport-Security': 'REDACTED'
    'X-Content-Type-Options': 'REDACTED'
INFO     azure.core.pipeline.policies.http_logging_policy:_universal.py:511 Request URL: 'https://batch71d31cdf.eastasia.batch.azure.com/jobs/batch71d31cdf/addtaskcollection?api-version=REDACTED'
Request method: 'POST'
Request headers:
    'content-type': 'application/json; odata=minimalmetadata'
    'Content-Length': '1177854'
    'Accept': 'application/json'
    'client-request-id': 'REDACTED'
    'User-Agent': 'azsdk-python-batch/14.0.0b Python/3.8.10 (Windows-10-10.0.22621-SP0)'
    'ocp-date': 'REDACTED'
    'Authorization': 'REDACTED'
A body is sent with the request
INFO     azure.core.pipeline.policies.http_logging_policy:_universal.py:550 Response status: 413
Response headers:
    'Content-Length': '413'
    'Content-Type': 'application/json; odata=minimalmetadata'
    'Date': 'Thu, 07 Sep 2023 06:53:52 GMT'
    'Server': 'Microsoft-HTTPAPI/2.0'
    'DataServiceVersion': 'REDACTED'
    'Request-Id': '4da6e047-812b-4f9a-8b42-105d2cd23013'
    'Strict-Transport-Security': 'REDACTED'
    'X-Content-Type-Options': 'REDACTED'
ERROR    azure.batch.aio._operations._patch:_patch.py:493 Failed to add task with ID mytask due to the body exceeding the maximum request size
INFO     azure.core.pipeline.policies.http_logging_policy:_universal.py:511 Request URL: 'https://batch71d31cdf.eastasia.batch.azure.com/jobs/batch71d31cdf/addtaskcollection?api-version=REDACTED'
Request method: 'POST'
Request headers:
    'content-type': 'application/json; odata=minimalmetadata'
    'Content-Length': '1177854'
    'Accept': 'application/json'
    'client-request-id': 'REDACTED'
    'User-Agent': 'azsdk-python-batch/14.0.0b Python/3.8.10 (Windows-10-10.0.22621-SP0)'
    'ocp-date': 'REDACTED'
    'Authorization': 'REDACTED'
A body is sent with the request
INFO     azure.core.pipeline.policies.http_logging_policy:_universal.py:550 Response status: 413
Response headers:
    'Content-Length': '413'
    'Content-Type': 'application/json; odata=minimalmetadata'
    'Date': 'Thu, 07 Sep 2023 06:53:57 GMT'
    'Server': 'Microsoft-HTTPAPI/2.0'
    'DataServiceVersion': 'REDACTED'
    'Request-Id': '42cda791-3298-4605-88ff-dcacbaab8382'
    'Strict-Transport-Security': 'REDACTED'
    'X-Content-Type-Options': 'REDACTED'
ERROR    azure.batch.aio._operations._patch:_patch.py:493 Failed to add task with ID mytask due to the body exceeding the maximum request size
INFO     azure.core.pipeline.policies.http_logging_policy:_universal.py:511 Request URL: 'https://batch71d31cdf.eastasia.batch.azure.com/jobs/batch71d31cdf/addtaskcollection?api-version=REDACTED'
Request method: 'POST'
Request headers:
    'content-type': 'application/json; odata=minimalmetadata'
    'Content-Length': '1144611'
    'Accept': 'application/json'
    'client-request-id': 'REDACTED'
    'User-Agent': 'azsdk-python-batch/14.0.0b Python/3.8.10 (Windows-10-10.0.22621-SP0)'
    'ocp-date': 'REDACTED'
    'Authorization': 'REDACTED'
A body is sent with the request
INFO     azure.core.pipeline.policies.http_logging_policy:_universal.py:550 Response status: 413
Response headers:
    'Content-Length': '413'
    'Content-Type': 'application/json; odata=minimalmetadata'
    'Date': 'Thu, 07 Sep 2023 06:54:05 GMT'
    'Server': 'Microsoft-HTTPAPI/2.0'
    'DataServiceVersion': 'REDACTED'
    'Request-Id': 'd90f6288-2515-427a-afd0-f68bd43682fe'
    'Strict-Transport-Security': 'REDACTED'
    'X-Content-Type-Options': 'REDACTED'
INFO     azure.batch.aio._operations._patch:_patch.py:504 Amount of tasks per request reduced from 100 to 50 due to the request body being too large
INFO     azure.core.pipeline.policies.http_logging_policy:_universal.py:511 Request URL: 'https://batch71d31cdf.eastasia.batch.azure.com/jobs/batch71d31cdf/addtaskcollection?api-version=REDACTED'
Request method: 'POST'
Request headers:
    'content-type': 'application/json; odata=minimalmetadata'
    'Content-Length': '572311'
    'Accept': 'application/json'
    'client-request-id': 'REDACTED'
    'User-Agent': 'azsdk-python-batch/14.0.0b Python/3.8.10 (Windows-10-10.0.22621-SP0)'
    'ocp-date': 'REDACTED'
    'Authorization': 'REDACTED'
A body is sent with the request
INFO     azure.core.pipeline.policies.http_logging_policy:_universal.py:550 Response status: 200
Response headers:
    'Content-Type': 'application/json; odata=minimalmetadata'
    'Date': 'Thu, 07 Sep 2023 06:54:13 GMT'
    'Server': 'Microsoft-HTTPAPI/2.0'
    'Transfer-Encoding': 'chunked'
    'DataServiceVersion': 'REDACTED'
    'Request-Id': '7386f1e3-340b-46df-8472-1babfb8d248e'
    'Strict-Transport-Security': 'REDACTED'
    'X-Content-Type-Options': 'REDACTED'
INFO     azure.core.pipeline.policies.http_logging_policy:_universal.py:511 Request URL: 'https://batch71d31cdf.eastasia.batch.azure.com/jobs/batch71d31cdf/addtaskcollection?api-version=REDACTED'
Request method: 'POST'
Request headers:
    'content-type': 'application/json; odata=minimalmetadata'
    'Content-Length': '572311'
    'Accept': 'application/json'
    'client-request-id': 'REDACTED'
    'User-Agent': 'azsdk-python-batch/14.0.0b Python/3.8.10 (Windows-10-10.0.22621-SP0)'
    'ocp-date': 'REDACTED'
    'Authorization': 'REDACTED'
A body is sent with the request
INFO     azure.core.pipeline.policies.http_logging_policy:_universal.py:550 Response status: 200
Response headers:
    'Content-Type': 'application/json; odata=minimalmetadata'
    'Date': 'Thu, 07 Sep 2023 06:54:48 GMT'
    'Server': 'Microsoft-HTTPAPI/2.0'
    'Transfer-Encoding': 'chunked'
    'DataServiceVersion': 'REDACTED'
    'Request-Id': '3c69f3c6-7709-4594-83a0-05093827509a'
    'Strict-Transport-Security': 'REDACTED'
    'X-Content-Type-Options': 'REDACTED'
INFO     azure.core.pipeline.policies.http_logging_policy:_universal.py:511 Request URL: 'https://batch71d31cdf.eastasia.batch.azure.com/jobs/batch71d31cdf/addtaskcollection?api-version=REDACTED'
Request method: 'POST'
Request headers:
    'content-type': 'application/json; odata=minimalmetadata'
    'Content-Length': '572311'
    'Accept': 'application/json'
    'client-request-id': 'REDACTED'
    'User-Agent': 'azsdk-python-batch/14.0.0b Python/3.8.10 (Windows-10-10.0.22621-SP0)'
    'ocp-date': 'REDACTED'
    'Authorization': 'REDACTED'
A body is sent with the request
INFO     azure.core.pipeline.policies.http_logging_policy:_universal.py:550 Response status: 200
Response headers:
    'Content-Type': 'application/json; odata=minimalmetadata'
    'Date': 'Thu, 07 Sep 2023 06:54:50 GMT'
    'Server': 'Microsoft-HTTPAPI/2.0'
    'Transfer-Encoding': 'chunked'
    'DataServiceVersion': 'REDACTED'
    'Request-Id': 'b281e41e-8cf8-48e1-9a19-75911879e34b'
    'Strict-Transport-Security': 'REDACTED'
    'X-Content-Type-Options': 'REDACTED'
INFO     azure.core.pipeline.policies.http_logging_policy:_universal.py:511 Request URL: 'https://batch71d31cdf.eastasia.batch.azure.com/jobs/batch71d31cdf/addtaskcollection?api-version=REDACTED'
Request method: 'POST'
Request headers:
    'content-type': 'application/json; odata=minimalmetadata'
    'Content-Length': '572311'
    'Accept': 'application/json'
    'client-request-id': 'REDACTED'
    'User-Agent': 'azsdk-python-batch/14.0.0b Python/3.8.10 (Windows-10-10.0.22621-SP0)'
    'ocp-date': 'REDACTED'
    'Authorization': 'REDACTED'
A body is sent with the request
INFO     azure.core.pipeline.policies.http_logging_policy:_universal.py:550 Response status: 200
Response headers:
    'Content-Type': 'application/json; odata=minimalmetadata'
    'Date': 'Thu, 07 Sep 2023 06:54:54 GMT'
    'Server': 'Microsoft-HTTPAPI/2.0'
    'Transfer-Encoding': 'chunked'
    'DataServiceVersion': 'REDACTED'
    'Request-Id': 'f42289a9-da48-4335-9462-6e8fd43b9d8c'
    'Strict-Transport-Security': 'REDACTED'
    'X-Content-Type-Options': 'REDACTED'
INFO     azure.core.pipeline.policies.http_logging_policy:_universal.py:511 Request URL: 'https://batch71d31cdf.eastasia.batch.azure.com/jobs/batch71d31cdf/addtaskcollection?api-version=REDACTED'
Request method: 'POST'
Request headers:
    'content-type': 'application/json; odata=minimalmetadata'
    'Content-Length': '572311'
    'Accept': 'application/json'
    'client-request-id': 'REDACTED'
    'User-Agent': 'azsdk-python-batch/14.0.0b Python/3.8.10 (Windows-10-10.0.22621-SP0)'
    'ocp-date': 'REDACTED'
    'Authorization': 'REDACTED'
A body is sent with the request
INFO     azure.core.pipeline.policies.http_logging_policy:_universal.py:550 Response status: 200
Response headers:
    'Content-Type': 'application/json; odata=minimalmetadata'
    'Date': 'Thu, 07 Sep 2023 06:54:57 GMT'
    'Server': 'Microsoft-HTTPAPI/2.0'
    'Transfer-Encoding': 'chunked'
    'DataServiceVersion': 'REDACTED'
    'Request-Id': '86ddfb8f-ed22-44d5-ad67-84ee2ef44c8a'
    'Strict-Transport-Security': 'REDACTED'
    'X-Content-Type-Options': 'REDACTED'
INFO     azure.core.pipeline.policies.http_logging_policy:_universal.py:511 Request URL: 'https://batch71d31cdf.eastasia.batch.azure.com/jobs/batch71d31cdf/addtaskcollection?api-version=REDACTED'
Request method: 'POST'
Request headers:
    'content-type': 'application/json; odata=minimalmetadata'
    'Content-Length': '572311'
    'Accept': 'application/json'
    'client-request-id': 'REDACTED'
    'User-Agent': 'azsdk-python-batch/14.0.0b Python/3.8.10 (Windows-10-10.0.22621-SP0)'
    'ocp-date': 'REDACTED'
    'Authorization': 'REDACTED'
A body is sent with the request
INFO     azure.core.pipeline.policies.http_logging_policy:_universal.py:550 Response status: 200
Response headers:
    'Content-Type': 'application/json; odata=minimalmetadata'
    'Date': 'Thu, 07 Sep 2023 06:55:01 GMT'
    'Server': 'Microsoft-HTTPAPI/2.0'
    'Transfer-Encoding': 'chunked'
    'DataServiceVersion': 'REDACTED'
    'Request-Id': '8c7c22e7-8b5c-4cbd-9c1f-23c532c2190e'
    'Strict-Transport-Security': 'REDACTED'
    'X-Content-Type-Options': 'REDACTED'
INFO     azure.core.pipeline.policies.http_logging_policy:_universal.py:511 Request URL: 'https://batch71d31cdf.eastasia.batch.azure.com/jobs/batch71d31cdf/addtaskcollection?api-version=REDACTED'
Request method: 'POST'
Request headers:
    'content-type': 'application/json; odata=minimalmetadata'
    'Content-Length': '572311'
    'Accept': 'application/json'
    'client-request-id': 'REDACTED'
    'User-Agent': 'azsdk-python-batch/14.0.0b Python/3.8.10 (Windows-10-10.0.22621-SP0)'
    'ocp-date': 'REDACTED'
    'Authorization': 'REDACTED'
A body is sent with the request
INFO     azure.core.pipeline.policies.http_logging_policy:_universal.py:550 Response status: 200
Response headers:
    'Content-Type': 'application/json; odata=minimalmetadata'
    'Date': 'Thu, 07 Sep 2023 06:55:03 GMT'
    'Server': 'Microsoft-HTTPAPI/2.0'
    'Transfer-Encoding': 'chunked'
    'DataServiceVersion': 'REDACTED'
    'Request-Id': '23c3e991-6447-408e-b9f6-ac32437f9ef5'
    'Strict-Transport-Security': 'REDACTED'
    'X-Content-Type-Options': 'REDACTED'
INFO     azure.core.pipeline.policies.http_logging_policy:_universal.py:511 Request URL: 'https://batch71d31cdf.eastasia.batch.azure.com/jobs/batch71d31cdf/addtaskcollection?api-version=REDACTED'
Request method: 'POST'
Request headers:
    'content-type': 'application/json; odata=minimalmetadata'
    'Content-Length': '572311'
    'Accept': 'application/json'
    'client-request-id': 'REDACTED'
    'User-Agent': 'azsdk-python-batch/14.0.0b Python/3.8.10 (Windows-10-10.0.22621-SP0)'
    'ocp-date': 'REDACTED'
    'Authorization': 'REDACTED'
A body is sent with the request
INFO     azure.core.pipeline.policies.http_logging_policy:_universal.py:550 Response status: 200
Response headers:
    'Content-Type': 'application/json; odata=minimalmetadata'
    'Date': 'Thu, 07 Sep 2023 06:55:07 GMT'
    'Server': 'Microsoft-HTTPAPI/2.0'
    'Transfer-Encoding': 'chunked'
    'DataServiceVersion': 'REDACTED'
    'Request-Id': '6205f85d-fefb-4e0a-a252-9f72b793004f'
    'Strict-Transport-Security': 'REDACTED'
    'X-Content-Type-Options': 'REDACTED'
INFO     azure.core.pipeline.policies.http_logging_policy:_universal.py:511 Request URL: 'https://batch71d31cdf.eastasia.batch.azure.com/jobs/batch71d31cdf/addtaskcollection?api-version=REDACTED'
Request method: 'POST'
Request headers:
    'content-type': 'application/json; odata=minimalmetadata'
    'Content-Length': '572311'
    'Accept': 'application/json'
    'client-request-id': 'REDACTED'
    'User-Agent': 'azsdk-python-batch/14.0.0b Python/3.8.10 (Windows-10-10.0.22621-SP0)'
    'ocp-date': 'REDACTED'
    'Authorization': 'REDACTED'
A body is sent with the request
INFO     azure.core.pipeline.policies.http_logging_policy:_universal.py:550 Response status: 200
Response headers:
    'Content-Type': 'application/json; odata=minimalmetadata'
    'Date': 'Thu, 07 Sep 2023 06:55:10 GMT'
    'Server': 'Microsoft-HTTPAPI/2.0'
    'Transfer-Encoding': 'chunked'
    'DataServiceVersion': 'REDACTED'
    'Request-Id': 'e7fffbe3-4c4b-4a39-855d-5042c9143772'
    'Strict-Transport-Security': 'REDACTED'
    'X-Content-Type-Options': 'REDACTED'
INFO     azure.core.pipeline.policies.http_logging_policy:_universal.py:511 Request URL: 'https://batch71d31cdf.eastasia.batch.azure.com/jobs/batch71d31cdf/addtaskcollection?api-version=REDACTED'
Request method: 'POST'
Request headers:
    'content-type': 'application/json; odata=minimalmetadata'
    'Content-Length': '572311'
    'Accept': 'application/json'
    'client-request-id': 'REDACTED'
    'User-Agent': 'azsdk-python-batch/14.0.0b Python/3.8.10 (Windows-10-10.0.22621-SP0)'
    'ocp-date': 'REDACTED'
    'Authorization': 'REDACTED'
A body is sent with the request
INFO     azure.core.pipeline.policies.http_logging_policy:_universal.py:550 Response status: 200
Response headers:
    'Content-Type': 'application/json; odata=minimalmetadata'
    'Date': 'Thu, 07 Sep 2023 06:55:13 GMT'
    'Server': 'Microsoft-HTTPAPI/2.0'
    'Transfer-Encoding': 'chunked'
    'DataServiceVersion': 'REDACTED'
    'Request-Id': 'b635ff97-c903-4454-815a-882e0a6acf3a'
    'Strict-Transport-Security': 'REDACTED'
    'X-Content-Type-Options': 'REDACTED'
INFO     azure.core.pipeline.policies.http_logging_policy:_universal.py:511 Request URL: 'https://batch71d31cdf.eastasia.batch.azure.com/jobs/batch71d31cdf/addtaskcollection?api-version=REDACTED'
Request method: 'POST'
Request headers:
    'content-type': 'application/json; odata=minimalmetadata'
    'Content-Length': '572311'
    'Accept': 'application/json'
    'client-request-id': 'REDACTED'
    'User-Agent': 'azsdk-python-batch/14.0.0b Python/3.8.10 (Windows-10-10.0.22621-SP0)'
    'ocp-date': 'REDACTED'
    'Authorization': 'REDACTED'
A body is sent with the request
INFO     azure.core.pipeline.policies.http_logging_policy:_universal.py:550 Response status: 200
Response headers:
    'Content-Type': 'application/json; odata=minimalmetadata'
    'Date': 'Thu, 07 Sep 2023 06:55:15 GMT'
    'Server': 'Microsoft-HTTPAPI/2.0'
    'Transfer-Encoding': 'chunked'
    'DataServiceVersion': 'REDACTED'
    'Request-Id': '78e8e4c1-f616-4468-8147-76ee7a6d73e0'
    'Strict-Transport-Security': 'REDACTED'
    'X-Content-Type-Options': 'REDACTED'
INFO     azure.core.pipeline.policies.http_logging_policy:_universal.py:511 Request URL: 'https://batch71d31cdf.eastasia.batch.azure.com/jobs/batch71d31cdf/addtaskcollection?api-version=REDACTED'
Request method: 'POST'
Request headers:
    'content-type': 'application/json; odata=minimalmetadata'
    'Content-Length': '572294'
    'Accept': 'application/json'
    'client-request-id': 'REDACTED'
    'User-Agent': 'azsdk-python-batch/14.0.0b Python/3.8.10 (Windows-10-10.0.22621-SP0)'
    'ocp-date': 'REDACTED'
    'Authorization': 'REDACTED'
A body is sent with the request
INFO     azure.core.pipeline.policies.http_logging_policy:_universal.py:550 Response status: 200
Response headers:
    'Content-Type': 'application/json; odata=minimalmetadata'
    'Date': 'Thu, 07 Sep 2023 06:55:17 GMT'
    'Server': 'Microsoft-HTTPAPI/2.0'
    'Transfer-Encoding': 'chunked'
    'DataServiceVersion': 'REDACTED'
    'Request-Id': 'f4117240-e444-40eb-a8fa-92f198020fe4'
    'Strict-Transport-Security': 'REDACTED'
    'X-Content-Type-Options': 'REDACTED'
INFO     azure.core.pipeline.policies.http_logging_policy:_universal.py:511 Request URL: 'https://batch71d31cdf.eastasia.batch.azure.com/jobs/batch71d31cdf/addtaskcollection?api-version=REDACTED'
Request method: 'POST'
Request headers:
    'content-type': 'application/json; odata=minimalmetadata'
    'Content-Length': '572261'
    'Accept': 'application/json'
    'client-request-id': 'REDACTED'
    'User-Agent': 'azsdk-python-batch/14.0.0b Python/3.8.10 (Windows-10-10.0.22621-SP0)'
    'ocp-date': 'REDACTED'
    'Authorization': 'REDACTED'
A body is sent with the request
INFO     azure.core.pipeline.policies.http_logging_policy:_universal.py:550 Response status: 200
Response headers:
    'Content-Type': 'application/json; odata=minimalmetadata'
    'Date': 'Thu, 07 Sep 2023 06:55:21 GMT'
    'Server': 'Microsoft-HTTPAPI/2.0'
    'Transfer-Encoding': 'chunked'
    'DataServiceVersion': 'REDACTED'
    'Request-Id': 'c1c9be5d-5e8f-4ce5-840b-8aab4b9a3c5b'
    'Strict-Transport-Security': 'REDACTED'
    'X-Content-Type-Options': 'REDACTED'
INFO     azure.core.pipeline.policies.http_logging_policy:_universal.py:511 Request URL: 'https://batch71d31cdf.eastasia.batch.azure.com/jobs/batch71d31cdf/addtaskcollection?api-version=REDACTED'
Request method: 'POST'
Request headers:
    'content-type': 'application/json; odata=minimalmetadata'
    'Content-Length': '572268'
    'Accept': 'application/json'
    'client-request-id': 'REDACTED'
    'User-Agent': 'azsdk-python-batch/14.0.0b Python/3.8.10 (Windows-10-10.0.22621-SP0)'
    'ocp-date': 'REDACTED'
    'Authorization': 'REDACTED'
A body is sent with the request
INFO     azure.core.pipeline.policies.http_logging_policy:_universal.py:550 Response status: 200
Response headers:
    'Content-Type': 'application/json; odata=minimalmetadata'
    'Date': 'Thu, 07 Sep 2023 06:55:24 GMT'
    'Server': 'Microsoft-HTTPAPI/2.0'
    'Transfer-Encoding': 'chunked'
    'DataServiceVersion': 'REDACTED'
    'Request-Id': '9c55382c-6393-4ae8-b322-e8b9e7a1b9d0'
    'Strict-Transport-Security': 'REDACTED'
    'X-Content-Type-Options': 'REDACTED'
INFO     azure.core.pipeline.policies.http_logging_policy:_universal.py:511 Request URL: 'https://batch71d31cdf.eastasia.batch.azure.com/jobs/batch71d31cdf/addtaskcollection?api-version=REDACTED'
Request method: 'POST'
Request headers:
    'content-type': 'application/json; odata=minimalmetadata'
    'Content-Length': '377729'
    'Accept': 'application/json'
    'client-request-id': 'REDACTED'
    'User-Agent': 'azsdk-python-batch/14.0.0b Python/3.8.10 (Windows-10-10.0.22621-SP0)'
    'ocp-date': 'REDACTED'
    'Authorization': 'REDACTED'
A body is sent with the request
INFO     azure.core.pipeline.policies.http_logging_policy:_universal.py:550 Response status: 200
Response headers:
    'Content-Type': 'application/json; odata=minimalmetadata'
    'Date': 'Thu, 07 Sep 2023 06:55:27 GMT'
    'Server': 'Microsoft-HTTPAPI/2.0'
    'Transfer-Encoding': 'chunked'
    'DataServiceVersion': 'REDACTED'
    'Request-Id': '3db53a52-4fec-427c-a500-2f9054a75cda'
    'Strict-Transport-Security': 'REDACTED'
    'X-Content-Type-Options': 'REDACTED'
DEBUG    urllib3.connectionpool:connectionpool.py:1003 Starting new HTTPS connection (1): localhost:5001
DEBUG    urllib3.connectionpool:connectionpool.py:456 https://localhost:5001 "POST /playback/stop HTTP/1.1" 200 0
PASSED                                                                   [100%]
------------------------------ live log teardown ------------------------------
INFO     root:proxy_startup.py:334 Stopping the test proxy tool...
DEBUG    azure_devtools.scenario_tests.preparers:preparers.py:227 Perform all delayed resource removal.


============================= 1 passed in 24.64s ==============================
