2024-01-08 14:31:06 -0800   65580 execution.flow     INFO     Start executing nodes in thread pool mode.
2024-01-08 14:31:06 -0800   65580 execution.flow     INFO     Start to run 12 nodes with concurrency level 16.
2024-01-08 14:31:06 -0800   65580 execution.flow     INFO     Executing node select_metrics. node run id: 6132da73-bc1f-4645-abe1-22e717cc022a_select_metrics_0
2024-01-08 14:31:06 -0800   65580 execution.flow     INFO     Node select_metrics completes.
2024-01-08 14:31:06 -0800   65580 execution.flow     INFO     Executing node validate_input. node run id: 6132da73-bc1f-4645-abe1-22e717cc022a_validate_input_0
2024-01-08 14:31:06 -0800   65580 execution.flow     INFO     Node validate_input completes.
2024-01-08 14:31:06 -0800   65580 execution.flow     INFO     Bypassing node gpt_similarity. node run id: 6132da73-bc1f-4645-abe1-22e717cc022a_gpt_similarity_0
2024-01-08 14:31:06 -0800   65580 execution.flow     INFO     Bypassing node gpt_fluency. node run id: 6132da73-bc1f-4645-abe1-22e717cc022a_gpt_fluency_0
2024-01-08 14:31:06 -0800   65580 execution.flow     INFO     Bypassing node f1_score. node run id: 6132da73-bc1f-4645-abe1-22e717cc022a_f1_score_0
2024-01-08 14:31:06 -0800   65580 execution.flow     INFO     Bypassing node embeded_ground_truth. node run id: 6132da73-bc1f-4645-abe1-22e717cc022a_embeded_ground_truth_0
2024-01-08 14:31:06 -0800   65580 execution.flow     INFO     Bypassing node embeded_answer. node run id: 6132da73-bc1f-4645-abe1-22e717cc022a_embeded_answer_0
2024-01-08 14:31:06 -0800   65580 execution.flow     INFO     Bypassing node ada_similarity. node run id: 6132da73-bc1f-4645-abe1-22e717cc022a_ada_similarity_0
2024-01-08 14:31:06 -0800   65580 execution.flow     INFO     Executing node gpt_coherence. node run id: 6132da73-bc1f-4645-abe1-22e717cc022a_gpt_coherence_0
2024-01-08 14:31:06 -0800   65580 execution.flow     INFO     Executing node gpt_relevance. node run id: 6132da73-bc1f-4645-abe1-22e717cc022a_gpt_relevance_0
2024-01-08 14:31:06 -0800   65580 execution.flow     INFO     Executing node gpt_groundedness. node run id: 6132da73-bc1f-4645-abe1-22e717cc022a_gpt_groundedness_0
2024-01-08 14:31:15 -0800   65580 execution.flow     INFO     Node gpt_coherence completes.
2024-01-08 14:31:15 -0800   65580 execution.flow     INFO     Node gpt_relevance completes.
2024-01-08 14:31:21 -0800   65580 execution.flow     INFO     Node gpt_groundedness completes.
2024-01-08 14:31:21 -0800   65580 execution.flow     INFO     Executing node concat_scores. node run id: 6132da73-bc1f-4645-abe1-22e717cc022a_concat_scores_0
2024-01-08 14:31:21 -0800   65580 execution.flow     INFO     Node concat_scores completes.
2024-01-08 14:31:21 -0800   65580 execution.flow     INFO     Start to run 1 nodes with concurrency level 16.
2024-01-08 14:31:21 -0800   65580 execution.flow     INFO     Executing node aggregate_variants_results. node run id: 9ba3b24b-5c2f-4a61-9199-805d01fe59b4_aggregate_variants_results_reduce
2024-01-08 14:31:21 -0800   65580 execution.flow     INFO     Node aggregate_variants_results completes.
